ERROR - 2023-06-13 01:22:33 --> mysqli_sql_exception: Unknown column 'urlsmall_s3' in 'field list' in C:\xampp\htdocs\task06MVC\system\Database\MySQLi\Connection.php:295
Stack trace:
#0 C:\xampp\htdocs\task06MVC\system\Database\MySQLi\Connection.php(295): mysqli->query('INSERT INTO `im...', 0)
#1 C:\xampp\htdocs\task06MVC\system\Database\BaseConnection.php(692): CodeIgniter\Database\MySQLi\Connection->execute('INSERT INTO `im...')
#2 C:\xampp\htdocs\task06MVC\system\Database\BaseConnection.php(606): CodeIgniter\Database\BaseConnection->simpleQuery('INSERT INTO `im...')
#3 C:\xampp\htdocs\task06MVC\system\Database\BaseBuilder.php(2309): CodeIgniter\Database\BaseConnection->query('INSERT INTO `im...', Array, false)
#4 C:\xampp\htdocs\task06MVC\system\Model.php(330): CodeIgniter\Database\BaseBuilder->insert()
#5 C:\xampp\htdocs\task06MVC\system\BaseModel.php(782): CodeIgniter\Model->doInsert(Array)
#6 C:\xampp\htdocs\task06MVC\system\Model.php(730): CodeIgniter\BaseModel->insert(Array, true)
#7 C:\xampp\htdocs\task06MVC\app\Controllers\ApiCaller.php(142): CodeIgniter\Model->insert(Array)
#8 C:\xampp\htdocs\task06MVC\system\CodeIgniter.php(934): App\Controllers\ApiCaller->getImages()
#9 C:\xampp\htdocs\task06MVC\system\CodeIgniter.php(499): CodeIgniter\CodeIgniter->runController(Object(App\Controllers\ApiCaller))
#10 C:\xampp\htdocs\task06MVC\system\CodeIgniter.php(368): CodeIgniter\CodeIgniter->handleRequest(NULL, Object(Config\Cache), false)
#11 C:\xampp\htdocs\task06MVC\public\index.php(67): CodeIgniter\CodeIgniter->run()
#12 {main}
CRITICAL - 2023-06-13 01:22:33 --> Unknown column 'urlsmall_s3' in 'field list'
in SYSTEMPATH\Database\MySQLi\Connection.php on line 295.
 1 SYSTEMPATH\Database\MySQLi\Connection.php(295): mysqli->query('INSERT INTO `imgapi` (`id_img`, `width`, `urlfull`, `urlraw`, `urlregular`, `urlsmall`, `urlthumb`, `urlsmall_s3`) VALUES (\'2gMfG64XSpA\', 2307, \'https://images.unsplash.com/photo-1684833820727-e807d836bed7?crop=entropy&cs=srgb&fm=jpg&ixid=M3w0NjA0Njh8MHwxfHJhbmRvbXx8fHx8fHx8fDE2ODY2MTkzNTJ8&ixlib=rb-4.0.3&q=85\', \'https://images.unsplash.com/photo-1684833820727-e807d836bed7?ixid=M3w0NjA0Njh8MHwxfHJhbmRvbXx8fHx8fHx8fDE2ODY2MTkzNTJ8&ixlib=rb-4.0.3\', \'https://images.unsplash.com/photo-1684833820727-e807d836bed7?crop=entropy&cs=tinysrgb&fit=max&fm=jpg&ixid=M3w0NjA0Njh8MHwxfHJhbmRvbXx8fHx8fHx8fDE2ODY2MTkzNTJ8&ixlib=rb-4.0.3&q=80&w=1080\', \'https://images.unsplash.com/photo-1684833820727-e807d836bed7?crop=entropy&cs=tinysrgb&fit=max&fm=jpg&ixid=M3w0NjA0Njh8MHwxfHJhbmRvbXx8fHx8fHx8fDE2ODY2MTkzNTJ8&ixlib=rb-4.0.3&q=80&w=400\', \'https://images.unsplash.com/photo-1684833820727-e807d836bed7?crop=entropy&cs=tinysrgb&fit=max&fm=jpg&ixid=M3w0NjA0Njh8MHwxfHJhbmRvbXx8fHx8fHx8fDE2ODY2MTkzNTJ8&ixlib=rb-4.0.3&q=80&w=200\', \'https://s3.us-west-2.amazonaws.com/images.unsplash.com/small/photo-1684833820727-e807d836bed7\')', 0)
 2 SYSTEMPATH\Database\BaseConnection.php(692): CodeIgniter\Database\MySQLi\Connection->execute('INSERT INTO `imgapi` (`id_img`, `width`, `urlfull`, `urlraw`, `urlregular`, `urlsmall`, `urlthumb`, `urlsmall_s3`) VALUES (\'2gMfG64XSpA\', 2307, \'https://images.unsplash.com/photo-1684833820727-e807d836bed7?crop=entropy&cs=srgb&fm=jpg&ixid=M3w0NjA0Njh8MHwxfHJhbmRvbXx8fHx8fHx8fDE2ODY2MTkzNTJ8&ixlib=rb-4.0.3&q=85\', \'https://images.unsplash.com/photo-1684833820727-e807d836bed7?ixid=M3w0NjA0Njh8MHwxfHJhbmRvbXx8fHx8fHx8fDE2ODY2MTkzNTJ8&ixlib=rb-4.0.3\', \'https://images.unsplash.com/photo-1684833820727-e807d836bed7?crop=entropy&cs=tinysrgb&fit=max&fm=jpg&ixid=M3w0NjA0Njh8MHwxfHJhbmRvbXx8fHx8fHx8fDE2ODY2MTkzNTJ8&ixlib=rb-4.0.3&q=80&w=1080\', \'https://images.unsplash.com/photo-1684833820727-e807d836bed7?crop=entropy&cs=tinysrgb&fit=max&fm=jpg&ixid=M3w0NjA0Njh8MHwxfHJhbmRvbXx8fHx8fHx8fDE2ODY2MTkzNTJ8&ixlib=rb-4.0.3&q=80&w=400\', \'https://images.unsplash.com/photo-1684833820727-e807d836bed7?crop=entropy&cs=tinysrgb&fit=max&fm=jpg&ixid=M3w0NjA0Njh8MHwxfHJhbmRvbXx8fHx8fHx8fDE2ODY2MTkzNTJ8&ixlib=rb-4.0.3&q=80&w=200\', \'https://s3.us-west-2.amazonaws.com/images.unsplash.com/small/photo-1684833820727-e807d836bed7\')')
 3 SYSTEMPATH\Database\BaseConnection.php(606): CodeIgniter\Database\BaseConnection->simpleQuery('INSERT INTO `imgapi` (`id_img`, `width`, `urlfull`, `urlraw`, `urlregular`, `urlsmall`, `urlthumb`, `urlsmall_s3`) VALUES (\'2gMfG64XSpA\', 2307, \'https://images.unsplash.com/photo-1684833820727-e807d836bed7?crop=entropy&cs=srgb&fm=jpg&ixid=M3w0NjA0Njh8MHwxfHJhbmRvbXx8fHx8fHx8fDE2ODY2MTkzNTJ8&ixlib=rb-4.0.3&q=85\', \'https://images.unsplash.com/photo-1684833820727-e807d836bed7?ixid=M3w0NjA0Njh8MHwxfHJhbmRvbXx8fHx8fHx8fDE2ODY2MTkzNTJ8&ixlib=rb-4.0.3\', \'https://images.unsplash.com/photo-1684833820727-e807d836bed7?crop=entropy&cs=tinysrgb&fit=max&fm=jpg&ixid=M3w0NjA0Njh8MHwxfHJhbmRvbXx8fHx8fHx8fDE2ODY2MTkzNTJ8&ixlib=rb-4.0.3&q=80&w=1080\', \'https://images.unsplash.com/photo-1684833820727-e807d836bed7?crop=entropy&cs=tinysrgb&fit=max&fm=jpg&ixid=M3w0NjA0Njh8MHwxfHJhbmRvbXx8fHx8fHx8fDE2ODY2MTkzNTJ8&ixlib=rb-4.0.3&q=80&w=400\', \'https://images.unsplash.com/photo-1684833820727-e807d836bed7?crop=entropy&cs=tinysrgb&fit=max&fm=jpg&ixid=M3w0NjA0Njh8MHwxfHJhbmRvbXx8fHx8fHx8fDE2ODY2MTkzNTJ8&ixlib=rb-4.0.3&q=80&w=200\', \'https://s3.us-west-2.amazonaws.com/images.unsplash.com/small/photo-1684833820727-e807d836bed7\')')
 4 SYSTEMPATH\Database\BaseBuilder.php(2309): CodeIgniter\Database\BaseConnection->query('INSERT INTO `imgapi` (`id_img`, `width`, `urlfull`, `urlraw`, `urlregular`, `urlsmall`, `urlthumb`, `urlsmall_s3`) VALUES (:id_img:, :width:, :urlfull:, :urlraw:, :urlregular:, :urlsmall:, :urlthumb:, :urlsmall_s3:)', [...], false)
 5 SYSTEMPATH\Model.php(330): CodeIgniter\Database\BaseBuilder->insert()
 6 SYSTEMPATH\BaseModel.php(782): CodeIgniter\Model->doInsert([...])
 7 SYSTEMPATH\Model.php(730): CodeIgniter\BaseModel->insert([...], true)
 8 APPPATH\Controllers\ApiCaller.php(142): CodeIgniter\Model->insert([...])
 9 SYSTEMPATH\CodeIgniter.php(934): App\Controllers\ApiCaller->getImages()
10 SYSTEMPATH\CodeIgniter.php(499): CodeIgniter\CodeIgniter->runController(Object(App\Controllers\ApiCaller))
11 SYSTEMPATH\CodeIgniter.php(368): CodeIgniter\CodeIgniter->handleRequest(null, Object(Config\Cache), false)
12 FCPATH\index.php(67): CodeIgniter\CodeIgniter->run()
ERROR - 2023-06-13 01:23:57 --> mysqli_sql_exception: Unknown column 'urlsmall_s3' in 'field list' in C:\xampp\htdocs\task06MVC\system\Database\MySQLi\Connection.php:295
Stack trace:
#0 C:\xampp\htdocs\task06MVC\system\Database\MySQLi\Connection.php(295): mysqli->query('INSERT INTO `im...', 0)
#1 C:\xampp\htdocs\task06MVC\system\Database\BaseConnection.php(692): CodeIgniter\Database\MySQLi\Connection->execute('INSERT INTO `im...')
#2 C:\xampp\htdocs\task06MVC\system\Database\BaseConnection.php(606): CodeIgniter\Database\BaseConnection->simpleQuery('INSERT INTO `im...')
#3 C:\xampp\htdocs\task06MVC\system\Database\BaseBuilder.php(2309): CodeIgniter\Database\BaseConnection->query('INSERT INTO `im...', Array, false)
#4 C:\xampp\htdocs\task06MVC\system\Model.php(330): CodeIgniter\Database\BaseBuilder->insert()
#5 C:\xampp\htdocs\task06MVC\system\BaseModel.php(782): CodeIgniter\Model->doInsert(Array)
#6 C:\xampp\htdocs\task06MVC\system\Model.php(730): CodeIgniter\BaseModel->insert(Array, true)
#7 C:\xampp\htdocs\task06MVC\app\Controllers\ApiCaller.php(142): CodeIgniter\Model->insert(Array)
#8 C:\xampp\htdocs\task06MVC\system\CodeIgniter.php(934): App\Controllers\ApiCaller->getImages()
#9 C:\xampp\htdocs\task06MVC\system\CodeIgniter.php(499): CodeIgniter\CodeIgniter->runController(Object(App\Controllers\ApiCaller))
#10 C:\xampp\htdocs\task06MVC\system\CodeIgniter.php(368): CodeIgniter\CodeIgniter->handleRequest(NULL, Object(Config\Cache), false)
#11 C:\xampp\htdocs\task06MVC\public\index.php(67): CodeIgniter\CodeIgniter->run()
#12 {main}
CRITICAL - 2023-06-13 01:23:57 --> Unknown column 'urlsmall_s3' in 'field list'
in SYSTEMPATH\Database\MySQLi\Connection.php on line 295.
 1 SYSTEMPATH\Database\MySQLi\Connection.php(295): mysqli->query('INSERT INTO `imgapi` (`id_img`, `width`, `urlfull`, `urlraw`, `urlregular`, `urlsmall`, `urlthumb`, `urlsmall_s3`) VALUES (\'3WBZ6LulP8E\', 3011, \'https://images.unsplash.com/photo-1685107917445-f63abe2012cd?crop=entropy&cs=srgb&fm=jpg&ixid=M3w0NjA0Njh8MHwxfHJhbmRvbXx8fHx8fHx8fDE2ODY2MTk0Mzd8&ixlib=rb-4.0.3&q=85\', \'https://images.unsplash.com/photo-1685107917445-f63abe2012cd?ixid=M3w0NjA0Njh8MHwxfHJhbmRvbXx8fHx8fHx8fDE2ODY2MTk0Mzd8&ixlib=rb-4.0.3\', \'https://images.unsplash.com/photo-1685107917445-f63abe2012cd?crop=entropy&cs=tinysrgb&fit=max&fm=jpg&ixid=M3w0NjA0Njh8MHwxfHJhbmRvbXx8fHx8fHx8fDE2ODY2MTk0Mzd8&ixlib=rb-4.0.3&q=80&w=1080\', \'https://images.unsplash.com/photo-1685107917445-f63abe2012cd?crop=entropy&cs=tinysrgb&fit=max&fm=jpg&ixid=M3w0NjA0Njh8MHwxfHJhbmRvbXx8fHx8fHx8fDE2ODY2MTk0Mzd8&ixlib=rb-4.0.3&q=80&w=400\', \'https://images.unsplash.com/photo-1685107917445-f63abe2012cd?crop=entropy&cs=tinysrgb&fit=max&fm=jpg&ixid=M3w0NjA0Njh8MHwxfHJhbmRvbXx8fHx8fHx8fDE2ODY2MTk0Mzd8&ixlib=rb-4.0.3&q=80&w=200\', \'https://s3.us-west-2.amazonaws.com/images.unsplash.com/small/photo-1685107917445-f63abe2012cd\')', 0)
 2 SYSTEMPATH\Database\BaseConnection.php(692): CodeIgniter\Database\MySQLi\Connection->execute('INSERT INTO `imgapi` (`id_img`, `width`, `urlfull`, `urlraw`, `urlregular`, `urlsmall`, `urlthumb`, `urlsmall_s3`) VALUES (\'3WBZ6LulP8E\', 3011, \'https://images.unsplash.com/photo-1685107917445-f63abe2012cd?crop=entropy&cs=srgb&fm=jpg&ixid=M3w0NjA0Njh8MHwxfHJhbmRvbXx8fHx8fHx8fDE2ODY2MTk0Mzd8&ixlib=rb-4.0.3&q=85\', \'https://images.unsplash.com/photo-1685107917445-f63abe2012cd?ixid=M3w0NjA0Njh8MHwxfHJhbmRvbXx8fHx8fHx8fDE2ODY2MTk0Mzd8&ixlib=rb-4.0.3\', \'https://images.unsplash.com/photo-1685107917445-f63abe2012cd?crop=entropy&cs=tinysrgb&fit=max&fm=jpg&ixid=M3w0NjA0Njh8MHwxfHJhbmRvbXx8fHx8fHx8fDE2ODY2MTk0Mzd8&ixlib=rb-4.0.3&q=80&w=1080\', \'https://images.unsplash.com/photo-1685107917445-f63abe2012cd?crop=entropy&cs=tinysrgb&fit=max&fm=jpg&ixid=M3w0NjA0Njh8MHwxfHJhbmRvbXx8fHx8fHx8fDE2ODY2MTk0Mzd8&ixlib=rb-4.0.3&q=80&w=400\', \'https://images.unsplash.com/photo-1685107917445-f63abe2012cd?crop=entropy&cs=tinysrgb&fit=max&fm=jpg&ixid=M3w0NjA0Njh8MHwxfHJhbmRvbXx8fHx8fHx8fDE2ODY2MTk0Mzd8&ixlib=rb-4.0.3&q=80&w=200\', \'https://s3.us-west-2.amazonaws.com/images.unsplash.com/small/photo-1685107917445-f63abe2012cd\')')
 3 SYSTEMPATH\Database\BaseConnection.php(606): CodeIgniter\Database\BaseConnection->simpleQuery('INSERT INTO `imgapi` (`id_img`, `width`, `urlfull`, `urlraw`, `urlregular`, `urlsmall`, `urlthumb`, `urlsmall_s3`) VALUES (\'3WBZ6LulP8E\', 3011, \'https://images.unsplash.com/photo-1685107917445-f63abe2012cd?crop=entropy&cs=srgb&fm=jpg&ixid=M3w0NjA0Njh8MHwxfHJhbmRvbXx8fHx8fHx8fDE2ODY2MTk0Mzd8&ixlib=rb-4.0.3&q=85\', \'https://images.unsplash.com/photo-1685107917445-f63abe2012cd?ixid=M3w0NjA0Njh8MHwxfHJhbmRvbXx8fHx8fHx8fDE2ODY2MTk0Mzd8&ixlib=rb-4.0.3\', \'https://images.unsplash.com/photo-1685107917445-f63abe2012cd?crop=entropy&cs=tinysrgb&fit=max&fm=jpg&ixid=M3w0NjA0Njh8MHwxfHJhbmRvbXx8fHx8fHx8fDE2ODY2MTk0Mzd8&ixlib=rb-4.0.3&q=80&w=1080\', \'https://images.unsplash.com/photo-1685107917445-f63abe2012cd?crop=entropy&cs=tinysrgb&fit=max&fm=jpg&ixid=M3w0NjA0Njh8MHwxfHJhbmRvbXx8fHx8fHx8fDE2ODY2MTk0Mzd8&ixlib=rb-4.0.3&q=80&w=400\', \'https://images.unsplash.com/photo-1685107917445-f63abe2012cd?crop=entropy&cs=tinysrgb&fit=max&fm=jpg&ixid=M3w0NjA0Njh8MHwxfHJhbmRvbXx8fHx8fHx8fDE2ODY2MTk0Mzd8&ixlib=rb-4.0.3&q=80&w=200\', \'https://s3.us-west-2.amazonaws.com/images.unsplash.com/small/photo-1685107917445-f63abe2012cd\')')
 4 SYSTEMPATH\Database\BaseBuilder.php(2309): CodeIgniter\Database\BaseConnection->query('INSERT INTO `imgapi` (`id_img`, `width`, `urlfull`, `urlraw`, `urlregular`, `urlsmall`, `urlthumb`, `urlsmall_s3`) VALUES (:id_img:, :width:, :urlfull:, :urlraw:, :urlregular:, :urlsmall:, :urlthumb:, :urlsmall_s3:)', [...], false)
 5 SYSTEMPATH\Model.php(330): CodeIgniter\Database\BaseBuilder->insert()
 6 SYSTEMPATH\BaseModel.php(782): CodeIgniter\Model->doInsert([...])
 7 SYSTEMPATH\Model.php(730): CodeIgniter\BaseModel->insert([...], true)
 8 APPPATH\Controllers\ApiCaller.php(142): CodeIgniter\Model->insert([...])
 9 SYSTEMPATH\CodeIgniter.php(934): App\Controllers\ApiCaller->getImages()
10 SYSTEMPATH\CodeIgniter.php(499): CodeIgniter\CodeIgniter->runController(Object(App\Controllers\ApiCaller))
11 SYSTEMPATH\CodeIgniter.php(368): CodeIgniter\CodeIgniter->handleRequest(null, Object(Config\Cache), false)
12 FCPATH\index.php(67): CodeIgniter\CodeIgniter->run()
ERROR - 2023-06-13 01:23:59 --> mysqli_sql_exception: Unknown column 'urlsmall_s3' in 'field list' in C:\xampp\htdocs\task06MVC\system\Database\MySQLi\Connection.php:295
Stack trace:
#0 C:\xampp\htdocs\task06MVC\system\Database\MySQLi\Connection.php(295): mysqli->query('INSERT INTO `im...', 0)
#1 C:\xampp\htdocs\task06MVC\system\Database\BaseConnection.php(692): CodeIgniter\Database\MySQLi\Connection->execute('INSERT INTO `im...')
#2 C:\xampp\htdocs\task06MVC\system\Database\BaseConnection.php(606): CodeIgniter\Database\BaseConnection->simpleQuery('INSERT INTO `im...')
#3 C:\xampp\htdocs\task06MVC\system\Database\BaseBuilder.php(2309): CodeIgniter\Database\BaseConnection->query('INSERT INTO `im...', Array, false)
#4 C:\xampp\htdocs\task06MVC\system\Model.php(330): CodeIgniter\Database\BaseBuilder->insert()
#5 C:\xampp\htdocs\task06MVC\system\BaseModel.php(782): CodeIgniter\Model->doInsert(Array)
#6 C:\xampp\htdocs\task06MVC\system\Model.php(730): CodeIgniter\BaseModel->insert(Array, true)
#7 C:\xampp\htdocs\task06MVC\app\Controllers\ApiCaller.php(142): CodeIgniter\Model->insert(Array)
#8 C:\xampp\htdocs\task06MVC\system\CodeIgniter.php(934): App\Controllers\ApiCaller->getImages()
#9 C:\xampp\htdocs\task06MVC\system\CodeIgniter.php(499): CodeIgniter\CodeIgniter->runController(Object(App\Controllers\ApiCaller))
#10 C:\xampp\htdocs\task06MVC\system\CodeIgniter.php(368): CodeIgniter\CodeIgniter->handleRequest(NULL, Object(Config\Cache), false)
#11 C:\xampp\htdocs\task06MVC\public\index.php(67): CodeIgniter\CodeIgniter->run()
#12 {main}
CRITICAL - 2023-06-13 01:23:59 --> Unknown column 'urlsmall_s3' in 'field list'
in SYSTEMPATH\Database\MySQLi\Connection.php on line 295.
 1 SYSTEMPATH\Database\MySQLi\Connection.php(295): mysqli->query('INSERT INTO `imgapi` (`id_img`, `width`, `urlfull`, `urlraw`, `urlregular`, `urlsmall`, `urlthumb`, `urlsmall_s3`) VALUES (\'6p7fe8srZKc\', 4160, \'https://images.unsplash.com/photo-1685168641019-858cf77475a1?crop=entropy&cs=srgb&fm=jpg&ixid=M3w0NjA0Njh8MHwxfHJhbmRvbXx8fHx8fHx8fDE2ODY2MTk0Mzh8&ixlib=rb-4.0.3&q=85\', \'https://images.unsplash.com/photo-1685168641019-858cf77475a1?ixid=M3w0NjA0Njh8MHwxfHJhbmRvbXx8fHx8fHx8fDE2ODY2MTk0Mzh8&ixlib=rb-4.0.3\', \'https://images.unsplash.com/photo-1685168641019-858cf77475a1?crop=entropy&cs=tinysrgb&fit=max&fm=jpg&ixid=M3w0NjA0Njh8MHwxfHJhbmRvbXx8fHx8fHx8fDE2ODY2MTk0Mzh8&ixlib=rb-4.0.3&q=80&w=1080\', \'https://images.unsplash.com/photo-1685168641019-858cf77475a1?crop=entropy&cs=tinysrgb&fit=max&fm=jpg&ixid=M3w0NjA0Njh8MHwxfHJhbmRvbXx8fHx8fHx8fDE2ODY2MTk0Mzh8&ixlib=rb-4.0.3&q=80&w=400\', \'https://images.unsplash.com/photo-1685168641019-858cf77475a1?crop=entropy&cs=tinysrgb&fit=max&fm=jpg&ixid=M3w0NjA0Njh8MHwxfHJhbmRvbXx8fHx8fHx8fDE2ODY2MTk0Mzh8&ixlib=rb-4.0.3&q=80&w=200\', \'https://s3.us-west-2.amazonaws.com/images.unsplash.com/small/photo-1685168641019-858cf77475a1\')', 0)
 2 SYSTEMPATH\Database\BaseConnection.php(692): CodeIgniter\Database\MySQLi\Connection->execute('INSERT INTO `imgapi` (`id_img`, `width`, `urlfull`, `urlraw`, `urlregular`, `urlsmall`, `urlthumb`, `urlsmall_s3`) VALUES (\'6p7fe8srZKc\', 4160, \'https://images.unsplash.com/photo-1685168641019-858cf77475a1?crop=entropy&cs=srgb&fm=jpg&ixid=M3w0NjA0Njh8MHwxfHJhbmRvbXx8fHx8fHx8fDE2ODY2MTk0Mzh8&ixlib=rb-4.0.3&q=85\', \'https://images.unsplash.com/photo-1685168641019-858cf77475a1?ixid=M3w0NjA0Njh8MHwxfHJhbmRvbXx8fHx8fHx8fDE2ODY2MTk0Mzh8&ixlib=rb-4.0.3\', \'https://images.unsplash.com/photo-1685168641019-858cf77475a1?crop=entropy&cs=tinysrgb&fit=max&fm=jpg&ixid=M3w0NjA0Njh8MHwxfHJhbmRvbXx8fHx8fHx8fDE2ODY2MTk0Mzh8&ixlib=rb-4.0.3&q=80&w=1080\', \'https://images.unsplash.com/photo-1685168641019-858cf77475a1?crop=entropy&cs=tinysrgb&fit=max&fm=jpg&ixid=M3w0NjA0Njh8MHwxfHJhbmRvbXx8fHx8fHx8fDE2ODY2MTk0Mzh8&ixlib=rb-4.0.3&q=80&w=400\', \'https://images.unsplash.com/photo-1685168641019-858cf77475a1?crop=entropy&cs=tinysrgb&fit=max&fm=jpg&ixid=M3w0NjA0Njh8MHwxfHJhbmRvbXx8fHx8fHx8fDE2ODY2MTk0Mzh8&ixlib=rb-4.0.3&q=80&w=200\', \'https://s3.us-west-2.amazonaws.com/images.unsplash.com/small/photo-1685168641019-858cf77475a1\')')
 3 SYSTEMPATH\Database\BaseConnection.php(606): CodeIgniter\Database\BaseConnection->simpleQuery('INSERT INTO `imgapi` (`id_img`, `width`, `urlfull`, `urlraw`, `urlregular`, `urlsmall`, `urlthumb`, `urlsmall_s3`) VALUES (\'6p7fe8srZKc\', 4160, \'https://images.unsplash.com/photo-1685168641019-858cf77475a1?crop=entropy&cs=srgb&fm=jpg&ixid=M3w0NjA0Njh8MHwxfHJhbmRvbXx8fHx8fHx8fDE2ODY2MTk0Mzh8&ixlib=rb-4.0.3&q=85\', \'https://images.unsplash.com/photo-1685168641019-858cf77475a1?ixid=M3w0NjA0Njh8MHwxfHJhbmRvbXx8fHx8fHx8fDE2ODY2MTk0Mzh8&ixlib=rb-4.0.3\', \'https://images.unsplash.com/photo-1685168641019-858cf77475a1?crop=entropy&cs=tinysrgb&fit=max&fm=jpg&ixid=M3w0NjA0Njh8MHwxfHJhbmRvbXx8fHx8fHx8fDE2ODY2MTk0Mzh8&ixlib=rb-4.0.3&q=80&w=1080\', \'https://images.unsplash.com/photo-1685168641019-858cf77475a1?crop=entropy&cs=tinysrgb&fit=max&fm=jpg&ixid=M3w0NjA0Njh8MHwxfHJhbmRvbXx8fHx8fHx8fDE2ODY2MTk0Mzh8&ixlib=rb-4.0.3&q=80&w=400\', \'https://images.unsplash.com/photo-1685168641019-858cf77475a1?crop=entropy&cs=tinysrgb&fit=max&fm=jpg&ixid=M3w0NjA0Njh8MHwxfHJhbmRvbXx8fHx8fHx8fDE2ODY2MTk0Mzh8&ixlib=rb-4.0.3&q=80&w=200\', \'https://s3.us-west-2.amazonaws.com/images.unsplash.com/small/photo-1685168641019-858cf77475a1\')')
 4 SYSTEMPATH\Database\BaseBuilder.php(2309): CodeIgniter\Database\BaseConnection->query('INSERT INTO `imgapi` (`id_img`, `width`, `urlfull`, `urlraw`, `urlregular`, `urlsmall`, `urlthumb`, `urlsmall_s3`) VALUES (:id_img:, :width:, :urlfull:, :urlraw:, :urlregular:, :urlsmall:, :urlthumb:, :urlsmall_s3:)', [...], false)
 5 SYSTEMPATH\Model.php(330): CodeIgniter\Database\BaseBuilder->insert()
 6 SYSTEMPATH\BaseModel.php(782): CodeIgniter\Model->doInsert([...])
 7 SYSTEMPATH\Model.php(730): CodeIgniter\BaseModel->insert([...], true)
 8 APPPATH\Controllers\ApiCaller.php(142): CodeIgniter\Model->insert([...])
 9 SYSTEMPATH\CodeIgniter.php(934): App\Controllers\ApiCaller->getImages()
10 SYSTEMPATH\CodeIgniter.php(499): CodeIgniter\CodeIgniter->runController(Object(App\Controllers\ApiCaller))
11 SYSTEMPATH\CodeIgniter.php(368): CodeIgniter\CodeIgniter->handleRequest(null, Object(Config\Cache), false)
12 FCPATH\index.php(67): CodeIgniter\CodeIgniter->run()
ERROR - 2023-06-13 01:24:34 --> mysqli_sql_exception: Unknown column 'urlsmall_s3' in 'field list' in C:\xampp\htdocs\task06MVC\system\Database\MySQLi\Connection.php:295
Stack trace:
#0 C:\xampp\htdocs\task06MVC\system\Database\MySQLi\Connection.php(295): mysqli->query('INSERT INTO `im...', 0)
#1 C:\xampp\htdocs\task06MVC\system\Database\BaseConnection.php(692): CodeIgniter\Database\MySQLi\Connection->execute('INSERT INTO `im...')
#2 C:\xampp\htdocs\task06MVC\system\Database\BaseConnection.php(606): CodeIgniter\Database\BaseConnection->simpleQuery('INSERT INTO `im...')
#3 C:\xampp\htdocs\task06MVC\system\Database\BaseBuilder.php(2309): CodeIgniter\Database\BaseConnection->query('INSERT INTO `im...', Array, false)
#4 C:\xampp\htdocs\task06MVC\system\Model.php(330): CodeIgniter\Database\BaseBuilder->insert()
#5 C:\xampp\htdocs\task06MVC\system\BaseModel.php(782): CodeIgniter\Model->doInsert(Array)
#6 C:\xampp\htdocs\task06MVC\system\Model.php(730): CodeIgniter\BaseModel->insert(Array, true)
#7 C:\xampp\htdocs\task06MVC\app\Controllers\ApiCaller.php(142): CodeIgniter\Model->insert(Array)
#8 C:\xampp\htdocs\task06MVC\system\CodeIgniter.php(934): App\Controllers\ApiCaller->getImages()
#9 C:\xampp\htdocs\task06MVC\system\CodeIgniter.php(499): CodeIgniter\CodeIgniter->runController(Object(App\Controllers\ApiCaller))
#10 C:\xampp\htdocs\task06MVC\system\CodeIgniter.php(368): CodeIgniter\CodeIgniter->handleRequest(NULL, Object(Config\Cache), false)
#11 C:\xampp\htdocs\task06MVC\public\index.php(67): CodeIgniter\CodeIgniter->run()
#12 {main}
CRITICAL - 2023-06-13 01:24:34 --> Unknown column 'urlsmall_s3' in 'field list'
in SYSTEMPATH\Database\MySQLi\Connection.php on line 295.
 1 SYSTEMPATH\Database\MySQLi\Connection.php(295): mysqli->query('INSERT INTO `imgapi` (`id_img`, `width`, `urlfull`, `urlraw`, `urlregular`, `urlsmall`, `urlthumb`, `urlsmall_s3`) VALUES (\'-LZQzGB5MSY\', 2331, \'https://images.unsplash.com/photo-1685191772234-c669665dd89e?crop=entropy&cs=srgb&fm=jpg&ixid=M3w0NjA0Njh8MHwxfHJhbmRvbXx8fHx8fHx8fDE2ODY2MTk0NzR8&ixlib=rb-4.0.3&q=85\', \'https://images.unsplash.com/photo-1685191772234-c669665dd89e?ixid=M3w0NjA0Njh8MHwxfHJhbmRvbXx8fHx8fHx8fDE2ODY2MTk0NzR8&ixlib=rb-4.0.3\', \'https://images.unsplash.com/photo-1685191772234-c669665dd89e?crop=entropy&cs=tinysrgb&fit=max&fm=jpg&ixid=M3w0NjA0Njh8MHwxfHJhbmRvbXx8fHx8fHx8fDE2ODY2MTk0NzR8&ixlib=rb-4.0.3&q=80&w=1080\', \'https://images.unsplash.com/photo-1685191772234-c669665dd89e?crop=entropy&cs=tinysrgb&fit=max&fm=jpg&ixid=M3w0NjA0Njh8MHwxfHJhbmRvbXx8fHx8fHx8fDE2ODY2MTk0NzR8&ixlib=rb-4.0.3&q=80&w=400\', \'https://images.unsplash.com/photo-1685191772234-c669665dd89e?crop=entropy&cs=tinysrgb&fit=max&fm=jpg&ixid=M3w0NjA0Njh8MHwxfHJhbmRvbXx8fHx8fHx8fDE2ODY2MTk0NzR8&ixlib=rb-4.0.3&q=80&w=200\', \'https://s3.us-west-2.amazonaws.com/images.unsplash.com/small/photo-1685191772234-c669665dd89e\')', 0)
 2 SYSTEMPATH\Database\BaseConnection.php(692): CodeIgniter\Database\MySQLi\Connection->execute('INSERT INTO `imgapi` (`id_img`, `width`, `urlfull`, `urlraw`, `urlregular`, `urlsmall`, `urlthumb`, `urlsmall_s3`) VALUES (\'-LZQzGB5MSY\', 2331, \'https://images.unsplash.com/photo-1685191772234-c669665dd89e?crop=entropy&cs=srgb&fm=jpg&ixid=M3w0NjA0Njh8MHwxfHJhbmRvbXx8fHx8fHx8fDE2ODY2MTk0NzR8&ixlib=rb-4.0.3&q=85\', \'https://images.unsplash.com/photo-1685191772234-c669665dd89e?ixid=M3w0NjA0Njh8MHwxfHJhbmRvbXx8fHx8fHx8fDE2ODY2MTk0NzR8&ixlib=rb-4.0.3\', \'https://images.unsplash.com/photo-1685191772234-c669665dd89e?crop=entropy&cs=tinysrgb&fit=max&fm=jpg&ixid=M3w0NjA0Njh8MHwxfHJhbmRvbXx8fHx8fHx8fDE2ODY2MTk0NzR8&ixlib=rb-4.0.3&q=80&w=1080\', \'https://images.unsplash.com/photo-1685191772234-c669665dd89e?crop=entropy&cs=tinysrgb&fit=max&fm=jpg&ixid=M3w0NjA0Njh8MHwxfHJhbmRvbXx8fHx8fHx8fDE2ODY2MTk0NzR8&ixlib=rb-4.0.3&q=80&w=400\', \'https://images.unsplash.com/photo-1685191772234-c669665dd89e?crop=entropy&cs=tinysrgb&fit=max&fm=jpg&ixid=M3w0NjA0Njh8MHwxfHJhbmRvbXx8fHx8fHx8fDE2ODY2MTk0NzR8&ixlib=rb-4.0.3&q=80&w=200\', \'https://s3.us-west-2.amazonaws.com/images.unsplash.com/small/photo-1685191772234-c669665dd89e\')')
 3 SYSTEMPATH\Database\BaseConnection.php(606): CodeIgniter\Database\BaseConnection->simpleQuery('INSERT INTO `imgapi` (`id_img`, `width`, `urlfull`, `urlraw`, `urlregular`, `urlsmall`, `urlthumb`, `urlsmall_s3`) VALUES (\'-LZQzGB5MSY\', 2331, \'https://images.unsplash.com/photo-1685191772234-c669665dd89e?crop=entropy&cs=srgb&fm=jpg&ixid=M3w0NjA0Njh8MHwxfHJhbmRvbXx8fHx8fHx8fDE2ODY2MTk0NzR8&ixlib=rb-4.0.3&q=85\', \'https://images.unsplash.com/photo-1685191772234-c669665dd89e?ixid=M3w0NjA0Njh8MHwxfHJhbmRvbXx8fHx8fHx8fDE2ODY2MTk0NzR8&ixlib=rb-4.0.3\', \'https://images.unsplash.com/photo-1685191772234-c669665dd89e?crop=entropy&cs=tinysrgb&fit=max&fm=jpg&ixid=M3w0NjA0Njh8MHwxfHJhbmRvbXx8fHx8fHx8fDE2ODY2MTk0NzR8&ixlib=rb-4.0.3&q=80&w=1080\', \'https://images.unsplash.com/photo-1685191772234-c669665dd89e?crop=entropy&cs=tinysrgb&fit=max&fm=jpg&ixid=M3w0NjA0Njh8MHwxfHJhbmRvbXx8fHx8fHx8fDE2ODY2MTk0NzR8&ixlib=rb-4.0.3&q=80&w=400\', \'https://images.unsplash.com/photo-1685191772234-c669665dd89e?crop=entropy&cs=tinysrgb&fit=max&fm=jpg&ixid=M3w0NjA0Njh8MHwxfHJhbmRvbXx8fHx8fHx8fDE2ODY2MTk0NzR8&ixlib=rb-4.0.3&q=80&w=200\', \'https://s3.us-west-2.amazonaws.com/images.unsplash.com/small/photo-1685191772234-c669665dd89e\')')
 4 SYSTEMPATH\Database\BaseBuilder.php(2309): CodeIgniter\Database\BaseConnection->query('INSERT INTO `imgapi` (`id_img`, `width`, `urlfull`, `urlraw`, `urlregular`, `urlsmall`, `urlthumb`, `urlsmall_s3`) VALUES (:id_img:, :width:, :urlfull:, :urlraw:, :urlregular:, :urlsmall:, :urlthumb:, :urlsmall_s3:)', [...], false)
 5 SYSTEMPATH\Model.php(330): CodeIgniter\Database\BaseBuilder->insert()
 6 SYSTEMPATH\BaseModel.php(782): CodeIgniter\Model->doInsert([...])
 7 SYSTEMPATH\Model.php(730): CodeIgniter\BaseModel->insert([...], true)
 8 APPPATH\Controllers\ApiCaller.php(142): CodeIgniter\Model->insert([...])
 9 SYSTEMPATH\CodeIgniter.php(934): App\Controllers\ApiCaller->getImages()
10 SYSTEMPATH\CodeIgniter.php(499): CodeIgniter\CodeIgniter->runController(Object(App\Controllers\ApiCaller))
11 SYSTEMPATH\CodeIgniter.php(368): CodeIgniter\CodeIgniter->handleRequest(null, Object(Config\Cache), false)
12 FCPATH\index.php(67): CodeIgniter\CodeIgniter->run()
CRITICAL - 2023-06-13 01:51:36 --> file_get_contents(https://api.unsplash.com/photos/random?client_id=UVtAwJGs5CdLjXg5anu1BJEJJKKF2w8YjsuNIb4uCtg): Failed to open stream: A connection attempt failed because the connected party did not properly respond after a period of time, or established connection failed because connected host has failed to respond
in APPPATH\Controllers\ApiCaller.php on line 130.
 1 [internal function]: CodeIgniter\Debug\Exceptions->errorHandler(2, 'file_get_contents(https://api.unsplash.com/photos/random?client_id=UVtAwJGs5CdLjXg5anu1BJEJJKKF2w8YjsuNIb4uCtg): Failed to open stream: A connection attempt failed because the connected party did not properly respond after a period of time, or established connection failed because connected host has failed to respond', 'C:\\xampp\\htdocs\\task06MVC\\app\\Controllers\\ApiCaller.php', 130)
 2 APPPATH\Controllers\ApiCaller.php(130): file_get_contents('https://api.unsplash.com/photos/random?client_id=UVtAwJGs5CdLjXg5anu1BJEJJKKF2w8YjsuNIb4uCtg')
 3 APPPATH\Controllers\ApiCaller.php(43): App\Controllers\ApiCaller->fetchRandomImageUrl(Object(App\Models\DataImages))
 4 SYSTEMPATH\CodeIgniter.php(934): App\Controllers\ApiCaller->getImages()
 5 SYSTEMPATH\CodeIgniter.php(499): CodeIgniter\CodeIgniter->runController(Object(App\Controllers\ApiCaller))
 6 SYSTEMPATH\CodeIgniter.php(368): CodeIgniter\CodeIgniter->handleRequest(null, Object(Config\Cache), false)
 7 FCPATH\index.php(67): CodeIgniter\CodeIgniter->run()
CRITICAL - 2023-06-13 01:52:22 --> file_get_contents(): php_network_getaddresses: getaddrinfo failed: No such host is known. 
in APPPATH\Controllers\ApiCaller.php on line 96.
 1 [internal function]: CodeIgniter\Debug\Exceptions->errorHandler(2, 'file_get_contents(): php_network_getaddresses: getaddrinfo failed: No such host is known. ', 'C:\\xampp\\htdocs\\task06MVC\\app\\Controllers\\ApiCaller.php', 96)
 2 APPPATH\Controllers\ApiCaller.php(96): file_get_contents('https://images.unsplash.com/photo-1684168090330-972c40de6518?ixid=M3w0NjA0Njh8MHwxfHJhbmRvbXx8fHx8fHx8fDE2ODY2MTk2NjJ8&ixlib=rb-4.0.3')
 3 APPPATH\Controllers\ApiCaller.php(88): App\Controllers\ApiCaller->outputImageFromUrl('https://images.unsplash.com/photo-1684168090330-972c40de6518?ixid=M3w0NjA0Njh8MHwxfHJhbmRvbXx8fHx8fHx8fDE2ODY2MTk2NjJ8&ixlib=rb-4.0.3')
 4 APPPATH\Controllers\ApiCaller.php(36): App\Controllers\ApiCaller->getImageUrlBySize([...], null)
 5 SYSTEMPATH\CodeIgniter.php(934): App\Controllers\ApiCaller->getImages()
 6 SYSTEMPATH\CodeIgniter.php(499): CodeIgniter\CodeIgniter->runController(Object(App\Controllers\ApiCaller))
 7 SYSTEMPATH\CodeIgniter.php(368): CodeIgniter\CodeIgniter->handleRequest(null, Object(Config\Cache), false)
 8 FCPATH\index.php(67): CodeIgniter\CodeIgniter->run()
CRITICAL - 2023-06-13 03:13:52 --> file_get_contents(Kích thước không hợp lệ): Failed to open stream: No such file or directory
in APPPATH\Controllers\ApiCaller.php on line 124.
 1 [internal function]: CodeIgniter\Debug\Exceptions->errorHandler(2, 'file_get_contents(Kích thước không hợp lệ): Failed to open stream: No such file or directory', 'C:\\xampp\\htdocs\\task06MVC\\app\\Controllers\\ApiCaller.php', 124)
 2 APPPATH\Controllers\ApiCaller.php(124): file_get_contents('Kích thước không hợp lệ')
 3 APPPATH\Controllers\ApiCaller.php(43): App\Controllers\ApiCaller->outputImageFromUrl('Kích thước không hợp lệ')
 4 SYSTEMPATH\CodeIgniter.php(934): App\Controllers\ApiCaller->getImages()
 5 SYSTEMPATH\CodeIgniter.php(499): CodeIgniter\CodeIgniter->runController(Object(App\Controllers\ApiCaller))
 6 SYSTEMPATH\CodeIgniter.php(368): CodeIgniter\CodeIgniter->handleRequest(null, Object(Config\Cache), false)
 7 FCPATH\index.php(67): CodeIgniter\CodeIgniter->run()
CRITICAL - 2023-06-13 03:13:59 --> file_get_contents(Kích thước không hợp lệ): Failed to open stream: No such file or directory
in APPPATH\Controllers\ApiCaller.php on line 124.
 1 [internal function]: CodeIgniter\Debug\Exceptions->errorHandler(2, 'file_get_contents(Kích thước không hợp lệ): Failed to open stream: No such file or directory', 'C:\\xampp\\htdocs\\task06MVC\\app\\Controllers\\ApiCaller.php', 124)
 2 APPPATH\Controllers\ApiCaller.php(124): file_get_contents('Kích thước không hợp lệ')
 3 APPPATH\Controllers\ApiCaller.php(43): App\Controllers\ApiCaller->outputImageFromUrl('Kích thước không hợp lệ')
 4 SYSTEMPATH\CodeIgniter.php(934): App\Controllers\ApiCaller->getImages()
 5 SYSTEMPATH\CodeIgniter.php(499): CodeIgniter\CodeIgniter->runController(Object(App\Controllers\ApiCaller))
 6 SYSTEMPATH\CodeIgniter.php(368): CodeIgniter\CodeIgniter->handleRequest(null, Object(Config\Cache), false)
 7 FCPATH\index.php(67): CodeIgniter\CodeIgniter->run()
CRITICAL - 2023-06-13 03:14:00 --> file_get_contents(Kích thước không hợp lệ): Failed to open stream: No such file or directory
in APPPATH\Controllers\ApiCaller.php on line 124.
 1 [internal function]: CodeIgniter\Debug\Exceptions->errorHandler(2, 'file_get_contents(Kích thước không hợp lệ): Failed to open stream: No such file or directory', 'C:\\xampp\\htdocs\\task06MVC\\app\\Controllers\\ApiCaller.php', 124)
 2 APPPATH\Controllers\ApiCaller.php(124): file_get_contents('Kích thước không hợp lệ')
 3 APPPATH\Controllers\ApiCaller.php(43): App\Controllers\ApiCaller->outputImageFromUrl('Kích thước không hợp lệ')
 4 SYSTEMPATH\CodeIgniter.php(934): App\Controllers\ApiCaller->getImages()
 5 SYSTEMPATH\CodeIgniter.php(499): CodeIgniter\CodeIgniter->runController(Object(App\Controllers\ApiCaller))
 6 SYSTEMPATH\CodeIgniter.php(368): CodeIgniter\CodeIgniter->handleRequest(null, Object(Config\Cache), false)
 7 FCPATH\index.php(67): CodeIgniter\CodeIgniter->run()
CRITICAL - 2023-06-13 03:14:33 --> file_get_contents(Kích thước không hợp lệ): Failed to open stream: No such file or directory
in APPPATH\Controllers\ApiCaller.php on line 124.
 1 [internal function]: CodeIgniter\Debug\Exceptions->errorHandler(2, 'file_get_contents(Kích thước không hợp lệ): Failed to open stream: No such file or directory', 'C:\\xampp\\htdocs\\task06MVC\\app\\Controllers\\ApiCaller.php', 124)
 2 APPPATH\Controllers\ApiCaller.php(124): file_get_contents('Kích thước không hợp lệ')
 3 APPPATH\Controllers\ApiCaller.php(43): App\Controllers\ApiCaller->outputImageFromUrl('Kích thước không hợp lệ')
 4 SYSTEMPATH\CodeIgniter.php(934): App\Controllers\ApiCaller->getImages()
 5 SYSTEMPATH\CodeIgniter.php(499): CodeIgniter\CodeIgniter->runController(Object(App\Controllers\ApiCaller))
 6 SYSTEMPATH\CodeIgniter.php(368): CodeIgniter\CodeIgniter->handleRequest(null, Object(Config\Cache), false)
 7 FCPATH\index.php(67): CodeIgniter\CodeIgniter->run()
CRITICAL - 2023-06-13 03:14:34 --> file_get_contents(Kích thước không hợp lệ): Failed to open stream: No such file or directory
in APPPATH\Controllers\ApiCaller.php on line 124.
 1 [internal function]: CodeIgniter\Debug\Exceptions->errorHandler(2, 'file_get_contents(Kích thước không hợp lệ): Failed to open stream: No such file or directory', 'C:\\xampp\\htdocs\\task06MVC\\app\\Controllers\\ApiCaller.php', 124)
 2 APPPATH\Controllers\ApiCaller.php(124): file_get_contents('Kích thước không hợp lệ')
 3 APPPATH\Controllers\ApiCaller.php(43): App\Controllers\ApiCaller->outputImageFromUrl('Kích thước không hợp lệ')
 4 SYSTEMPATH\CodeIgniter.php(934): App\Controllers\ApiCaller->getImages()
 5 SYSTEMPATH\CodeIgniter.php(499): CodeIgniter\CodeIgniter->runController(Object(App\Controllers\ApiCaller))
 6 SYSTEMPATH\CodeIgniter.php(368): CodeIgniter\CodeIgniter->handleRequest(null, Object(Config\Cache), false)
 7 FCPATH\index.php(67): CodeIgniter\CodeIgniter->run()
CRITICAL - 2023-06-13 03:14:35 --> file_get_contents(Kích thước không hợp lệ): Failed to open stream: No such file or directory
in APPPATH\Controllers\ApiCaller.php on line 124.
 1 [internal function]: CodeIgniter\Debug\Exceptions->errorHandler(2, 'file_get_contents(Kích thước không hợp lệ): Failed to open stream: No such file or directory', 'C:\\xampp\\htdocs\\task06MVC\\app\\Controllers\\ApiCaller.php', 124)
 2 APPPATH\Controllers\ApiCaller.php(124): file_get_contents('Kích thước không hợp lệ')
 3 APPPATH\Controllers\ApiCaller.php(43): App\Controllers\ApiCaller->outputImageFromUrl('Kích thước không hợp lệ')
 4 SYSTEMPATH\CodeIgniter.php(934): App\Controllers\ApiCaller->getImages()
 5 SYSTEMPATH\CodeIgniter.php(499): CodeIgniter\CodeIgniter->runController(Object(App\Controllers\ApiCaller))
 6 SYSTEMPATH\CodeIgniter.php(368): CodeIgniter\CodeIgniter->handleRequest(null, Object(Config\Cache), false)
 7 FCPATH\index.php(67): CodeIgniter\CodeIgniter->run()
CRITICAL - 2023-06-13 03:14:54 --> file_get_contents(Kích thước không hợp lệ): Failed to open stream: No such file or directory
in APPPATH\Controllers\ApiCaller.php on line 124.
 1 [internal function]: CodeIgniter\Debug\Exceptions->errorHandler(2, 'file_get_contents(Kích thước không hợp lệ): Failed to open stream: No such file or directory', 'C:\\xampp\\htdocs\\task06MVC\\app\\Controllers\\ApiCaller.php', 124)
 2 APPPATH\Controllers\ApiCaller.php(124): file_get_contents('Kích thước không hợp lệ')
 3 APPPATH\Controllers\ApiCaller.php(43): App\Controllers\ApiCaller->outputImageFromUrl('Kích thước không hợp lệ')
 4 SYSTEMPATH\CodeIgniter.php(934): App\Controllers\ApiCaller->getImages()
 5 SYSTEMPATH\CodeIgniter.php(499): CodeIgniter\CodeIgniter->runController(Object(App\Controllers\ApiCaller))
 6 SYSTEMPATH\CodeIgniter.php(368): CodeIgniter\CodeIgniter->handleRequest(null, Object(Config\Cache), false)
 7 FCPATH\index.php(67): CodeIgniter\CodeIgniter->run()
CRITICAL - 2023-06-13 03:23:45 --> file_get_contents(Kích thước không hợp lệ): Failed to open stream: No such file or directory
in APPPATH\Controllers\ApiCaller.php on line 124.
 1 [internal function]: CodeIgniter\Debug\Exceptions->errorHandler(2, 'file_get_contents(Kích thước không hợp lệ): Failed to open stream: No such file or directory', 'C:\\xampp\\htdocs\\task06MVC\\app\\Controllers\\ApiCaller.php', 124)
 2 APPPATH\Controllers\ApiCaller.php(124): file_get_contents('Kích thước không hợp lệ')
 3 APPPATH\Controllers\ApiCaller.php(43): App\Controllers\ApiCaller->outputImageFromUrl('Kích thước không hợp lệ')
 4 SYSTEMPATH\CodeIgniter.php(934): App\Controllers\ApiCaller->getImages()
 5 SYSTEMPATH\CodeIgniter.php(499): CodeIgniter\CodeIgniter->runController(Object(App\Controllers\ApiCaller))
 6 SYSTEMPATH\CodeIgniter.php(368): CodeIgniter\CodeIgniter->handleRequest(null, Object(Config\Cache), false)
 7 FCPATH\index.php(67): CodeIgniter\CodeIgniter->run()
CRITICAL - 2023-06-13 03:23:58 --> file_get_contents(Kích thước không hợp lệ): Failed to open stream: No such file or directory
in APPPATH\Controllers\ApiCaller.php on line 124.
 1 [internal function]: CodeIgniter\Debug\Exceptions->errorHandler(2, 'file_get_contents(Kích thước không hợp lệ): Failed to open stream: No such file or directory', 'C:\\xampp\\htdocs\\task06MVC\\app\\Controllers\\ApiCaller.php', 124)
 2 APPPATH\Controllers\ApiCaller.php(124): file_get_contents('Kích thước không hợp lệ')
 3 APPPATH\Controllers\ApiCaller.php(43): App\Controllers\ApiCaller->outputImageFromUrl('Kích thước không hợp lệ')
 4 SYSTEMPATH\CodeIgniter.php(934): App\Controllers\ApiCaller->getImages()
 5 SYSTEMPATH\CodeIgniter.php(499): CodeIgniter\CodeIgniter->runController(Object(App\Controllers\ApiCaller))
 6 SYSTEMPATH\CodeIgniter.php(368): CodeIgniter\CodeIgniter->handleRequest(null, Object(Config\Cache), false)
 7 FCPATH\index.php(67): CodeIgniter\CodeIgniter->run()
CRITICAL - 2023-06-13 04:01:54 --> Undefined property: stdClass::$users
in APPPATH\Controllers\ApiCaller.php on line 172.
 1 APPPATH\Controllers\ApiCaller.php(172): CodeIgniter\Debug\Exceptions->errorHandler(2, 'Undefined property: stdClass::$users', 'C:\\xampp\\htdocs\\task06MVC\\app\\Controllers\\ApiCaller.php', 172)
 2 APPPATH\Controllers\ApiCaller.php(46): App\Controllers\ApiCaller->fetchRandomImageUrl(Object(App\Models\DataImages))
 3 SYSTEMPATH\CodeIgniter.php(934): App\Controllers\ApiCaller->getImages()
 4 SYSTEMPATH\CodeIgniter.php(499): CodeIgniter\CodeIgniter->runController(Object(App\Controllers\ApiCaller))
 5 SYSTEMPATH\CodeIgniter.php(368): CodeIgniter\CodeIgniter->handleRequest(null, Object(Config\Cache), false)
 6 FCPATH\index.php(67): CodeIgniter\CodeIgniter->run()
CRITICAL - 2023-06-13 04:43:47 --> file_get_contents(Kích thước không hợp lệ): Failed to open stream: No such file or directory
in APPPATH\Controllers\ApiCaller.php on line 140.
 1 [internal function]: CodeIgniter\Debug\Exceptions->errorHandler(2, 'file_get_contents(Kích thước không hợp lệ): Failed to open stream: No such file or directory', 'C:\\xampp\\htdocs\\task06MVC\\app\\Controllers\\ApiCaller.php', 140)
 2 APPPATH\Controllers\ApiCaller.php(140): file_get_contents('Kích thước không hợp lệ')
 3 APPPATH\Controllers\ApiCaller.php(40): App\Controllers\ApiCaller->outputImageFromUrl('Kích thước không hợp lệ')
 4 SYSTEMPATH\CodeIgniter.php(934): App\Controllers\ApiCaller->getImages()
 5 SYSTEMPATH\CodeIgniter.php(499): CodeIgniter\CodeIgniter->runController(Object(App\Controllers\ApiCaller))
 6 SYSTEMPATH\CodeIgniter.php(368): CodeIgniter\CodeIgniter->handleRequest(null, Object(Config\Cache), false)
 7 FCPATH\index.php(67): CodeIgniter\CodeIgniter->run()
CRITICAL - 2023-06-13 04:59:34 --> file_get_contents(Kích thước không hợp lệ): Failed to open stream: No such file or directory
in APPPATH\Controllers\ApiCaller.php on line 127.
 1 [internal function]: CodeIgniter\Debug\Exceptions->errorHandler(2, 'file_get_contents(Kích thước không hợp lệ): Failed to open stream: No such file or directory', 'C:\\xampp\\htdocs\\task06MVC\\app\\Controllers\\ApiCaller.php', 127)
 2 APPPATH\Controllers\ApiCaller.php(127): file_get_contents('Kích thước không hợp lệ')
 3 APPPATH\Controllers\ApiCaller.php(42): App\Controllers\ApiCaller->outputImageFromUrl('Kích thước không hợp lệ')
 4 SYSTEMPATH\CodeIgniter.php(934): App\Controllers\ApiCaller->getImages()
 5 SYSTEMPATH\CodeIgniter.php(499): CodeIgniter\CodeIgniter->runController(Object(App\Controllers\ApiCaller))
 6 SYSTEMPATH\CodeIgniter.php(368): CodeIgniter\CodeIgniter->handleRequest(null, Object(Config\Cache), false)
 7 FCPATH\index.php(67): CodeIgniter\CodeIgniter->run()
CRITICAL - 2023-06-13 05:00:07 --> file_get_contents(Kích thước không hợp lệ): Failed to open stream: No such file or directory
in APPPATH\Controllers\ApiCaller.php on line 128.
 1 [internal function]: CodeIgniter\Debug\Exceptions->errorHandler(2, 'file_get_contents(Kích thước không hợp lệ): Failed to open stream: No such file or directory', 'C:\\xampp\\htdocs\\task06MVC\\app\\Controllers\\ApiCaller.php', 128)
 2 APPPATH\Controllers\ApiCaller.php(128): file_get_contents('Kích thước không hợp lệ')
 3 APPPATH\Controllers\ApiCaller.php(42): App\Controllers\ApiCaller->outputImageFromUrl('Kích thước không hợp lệ')
 4 SYSTEMPATH\CodeIgniter.php(934): App\Controllers\ApiCaller->getImages()
 5 SYSTEMPATH\CodeIgniter.php(499): CodeIgniter\CodeIgniter->runController(Object(App\Controllers\ApiCaller))
 6 SYSTEMPATH\CodeIgniter.php(368): CodeIgniter\CodeIgniter->handleRequest(null, Object(Config\Cache), false)
 7 FCPATH\index.php(67): CodeIgniter\CodeIgniter->run()
CRITICAL - 2023-06-13 05:00:09 --> file_get_contents(Kích thước không hợp lệ): Failed to open stream: No such file or directory
in APPPATH\Controllers\ApiCaller.php on line 128.
 1 [internal function]: CodeIgniter\Debug\Exceptions->errorHandler(2, 'file_get_contents(Kích thước không hợp lệ): Failed to open stream: No such file or directory', 'C:\\xampp\\htdocs\\task06MVC\\app\\Controllers\\ApiCaller.php', 128)
 2 APPPATH\Controllers\ApiCaller.php(128): file_get_contents('Kích thước không hợp lệ')
 3 APPPATH\Controllers\ApiCaller.php(42): App\Controllers\ApiCaller->outputImageFromUrl('Kích thước không hợp lệ')
 4 SYSTEMPATH\CodeIgniter.php(934): App\Controllers\ApiCaller->getImages()
 5 SYSTEMPATH\CodeIgniter.php(499): CodeIgniter\CodeIgniter->runController(Object(App\Controllers\ApiCaller))
 6 SYSTEMPATH\CodeIgniter.php(368): CodeIgniter\CodeIgniter->handleRequest(null, Object(Config\Cache), false)
 7 FCPATH\index.php(67): CodeIgniter\CodeIgniter->run()
CRITICAL - 2023-06-13 05:01:20 --> file_get_contents(Kích thước không hợp lệ): Failed to open stream: No such file or directory
in APPPATH\Controllers\ApiCaller.php on line 128.
 1 [internal function]: CodeIgniter\Debug\Exceptions->errorHandler(2, 'file_get_contents(Kích thước không hợp lệ): Failed to open stream: No such file or directory', 'C:\\xampp\\htdocs\\task06MVC\\app\\Controllers\\ApiCaller.php', 128)
 2 APPPATH\Controllers\ApiCaller.php(128): file_get_contents('Kích thước không hợp lệ')
 3 APPPATH\Controllers\ApiCaller.php(42): App\Controllers\ApiCaller->outputImageFromUrl('Kích thước không hợp lệ')
 4 SYSTEMPATH\CodeIgniter.php(934): App\Controllers\ApiCaller->getImages()
 5 SYSTEMPATH\CodeIgniter.php(499): CodeIgniter\CodeIgniter->runController(Object(App\Controllers\ApiCaller))
 6 SYSTEMPATH\CodeIgniter.php(368): CodeIgniter\CodeIgniter->handleRequest(null, Object(Config\Cache), false)
 7 FCPATH\index.php(67): CodeIgniter\CodeIgniter->run()
CRITICAL - 2023-06-13 06:21:40 --> file_get_contents(Kích thước không hợp lệ): Failed to open stream: No such file or directory
in APPPATH\Controllers\ApiCaller.php on line 126.
 1 [internal function]: CodeIgniter\Debug\Exceptions->errorHandler(2, 'file_get_contents(Kích thước không hợp lệ): Failed to open stream: No such file or directory', 'C:\\xampp\\htdocs\\task06MVC\\app\\Controllers\\ApiCaller.php', 126)
 2 APPPATH\Controllers\ApiCaller.php(126): file_get_contents('Kích thước không hợp lệ')
 3 APPPATH\Controllers\ApiCaller.php(42): App\Controllers\ApiCaller->outputImageFromUrl('Kích thước không hợp lệ')
 4 SYSTEMPATH\CodeIgniter.php(934): App\Controllers\ApiCaller->getImages()
 5 SYSTEMPATH\CodeIgniter.php(499): CodeIgniter\CodeIgniter->runController(Object(App\Controllers\ApiCaller))
 6 SYSTEMPATH\CodeIgniter.php(368): CodeIgniter\CodeIgniter->handleRequest(null, Object(Config\Cache), false)
 7 FCPATH\index.php(67): CodeIgniter\CodeIgniter->run()
CRITICAL - 2023-06-13 06:23:01 --> file_get_contents(Kích thước không hợp lệ): Failed to open stream: No such file or directory
in APPPATH\Controllers\ApiCaller.php on line 126.
 1 [internal function]: CodeIgniter\Debug\Exceptions->errorHandler(2, 'file_get_contents(Kích thước không hợp lệ): Failed to open stream: No such file or directory', 'C:\\xampp\\htdocs\\task06MVC\\app\\Controllers\\ApiCaller.php', 126)
 2 APPPATH\Controllers\ApiCaller.php(126): file_get_contents('Kích thước không hợp lệ')
 3 APPPATH\Controllers\ApiCaller.php(42): App\Controllers\ApiCaller->outputImageFromUrl('Kích thước không hợp lệ')
 4 SYSTEMPATH\CodeIgniter.php(934): App\Controllers\ApiCaller->getImages()
 5 SYSTEMPATH\CodeIgniter.php(499): CodeIgniter\CodeIgniter->runController(Object(App\Controllers\ApiCaller))
 6 SYSTEMPATH\CodeIgniter.php(368): CodeIgniter\CodeIgniter->handleRequest(null, Object(Config\Cache), false)
 7 FCPATH\index.php(67): CodeIgniter\CodeIgniter->run()
CRITICAL - 2023-06-13 06:24:06 --> file_get_contents(Kích thước không hợp lệ): Failed to open stream: No such file or directory
in APPPATH\Controllers\ApiCaller.php on line 126.
 1 [internal function]: CodeIgniter\Debug\Exceptions->errorHandler(2, 'file_get_contents(Kích thước không hợp lệ): Failed to open stream: No such file or directory', 'C:\\xampp\\htdocs\\task06MVC\\app\\Controllers\\ApiCaller.php', 126)
 2 APPPATH\Controllers\ApiCaller.php(126): file_get_contents('Kích thước không hợp lệ')
 3 APPPATH\Controllers\ApiCaller.php(42): App\Controllers\ApiCaller->outputImageFromUrl('Kích thước không hợp lệ')
 4 SYSTEMPATH\CodeIgniter.php(934): App\Controllers\ApiCaller->getImages()
 5 SYSTEMPATH\CodeIgniter.php(499): CodeIgniter\CodeIgniter->runController(Object(App\Controllers\ApiCaller))
 6 SYSTEMPATH\CodeIgniter.php(368): CodeIgniter\CodeIgniter->handleRequest(null, Object(Config\Cache), false)
 7 FCPATH\index.php(67): CodeIgniter\CodeIgniter->run()
CRITICAL - 2023-06-13 06:24:09 --> file_get_contents(Kích thước không hợp lệ): Failed to open stream: No such file or directory
in APPPATH\Controllers\ApiCaller.php on line 126.
 1 [internal function]: CodeIgniter\Debug\Exceptions->errorHandler(2, 'file_get_contents(Kích thước không hợp lệ): Failed to open stream: No such file or directory', 'C:\\xampp\\htdocs\\task06MVC\\app\\Controllers\\ApiCaller.php', 126)
 2 APPPATH\Controllers\ApiCaller.php(126): file_get_contents('Kích thước không hợp lệ')
 3 APPPATH\Controllers\ApiCaller.php(42): App\Controllers\ApiCaller->outputImageFromUrl('Kích thước không hợp lệ')
 4 SYSTEMPATH\CodeIgniter.php(934): App\Controllers\ApiCaller->getImages()
 5 SYSTEMPATH\CodeIgniter.php(499): CodeIgniter\CodeIgniter->runController(Object(App\Controllers\ApiCaller))
 6 SYSTEMPATH\CodeIgniter.php(368): CodeIgniter\CodeIgniter->handleRequest(null, Object(Config\Cache), false)
 7 FCPATH\index.php(67): CodeIgniter\CodeIgniter->run()
CRITICAL - 2023-06-13 06:24:32 --> file_get_contents(Kích thước không hợp lệ): Failed to open stream: No such file or directory
in APPPATH\Controllers\ApiCaller.php on line 126.
 1 [internal function]: CodeIgniter\Debug\Exceptions->errorHandler(2, 'file_get_contents(Kích thước không hợp lệ): Failed to open stream: No such file or directory', 'C:\\xampp\\htdocs\\task06MVC\\app\\Controllers\\ApiCaller.php', 126)
 2 APPPATH\Controllers\ApiCaller.php(126): file_get_contents('Kích thước không hợp lệ')
 3 APPPATH\Controllers\ApiCaller.php(42): App\Controllers\ApiCaller->outputImageFromUrl('Kích thước không hợp lệ')
 4 SYSTEMPATH\CodeIgniter.php(934): App\Controllers\ApiCaller->getImages()
 5 SYSTEMPATH\CodeIgniter.php(499): CodeIgniter\CodeIgniter->runController(Object(App\Controllers\ApiCaller))
 6 SYSTEMPATH\CodeIgniter.php(368): CodeIgniter\CodeIgniter->handleRequest(null, Object(Config\Cache), false)
 7 FCPATH\index.php(67): CodeIgniter\CodeIgniter->run()
