ERROR - 2023-06-14 03:21:34 --> mysqli_sql_exception: Column count doesn't match value count at row 1 in C:\xampp\htdocs\task06MVC\system\Database\MySQLi\Connection.php:295
Stack trace:
#0 C:\xampp\htdocs\task06MVC\system\Database\MySQLi\Connection.php(295): mysqli->query('INSERT INTO `ur...', 0)
#1 C:\xampp\htdocs\task06MVC\system\Database\BaseConnection.php(692): CodeIgniter\Database\MySQLi\Connection->execute('INSERT INTO `ur...')
#2 C:\xampp\htdocs\task06MVC\system\Database\BaseConnection.php(606): CodeIgniter\Database\BaseConnection->simpleQuery('INSERT INTO `ur...')
#3 C:\xampp\htdocs\task06MVC\system\Database\BaseBuilder.php(1801): CodeIgniter\Database\BaseConnection->query('INSERT INTO `ur...', NULL, false)
#4 C:\xampp\htdocs\task06MVC\system\Database\BaseBuilder.php(2192): CodeIgniter\Database\BaseBuilder->batchExecute('_insertBatch', 100)
#5 C:\xampp\htdocs\task06MVC\system\Model.php(364): CodeIgniter\Database\BaseBuilder->insertBatch(Array, NULL, 100)
#6 C:\xampp\htdocs\task06MVC\system\BaseModel.php(874): CodeIgniter\Model->doInsertBatch(Array, NULL, 100, false)
#7 C:\xampp\htdocs\task06MVC\app\Controllers\GetImagesDB.php(22): CodeIgniter\BaseModel->insertBatch(Array)
#8 C:\xampp\htdocs\task06MVC\system\CodeIgniter.php(934): App\Controllers\GetImagesDB->getDataSearch()
#9 C:\xampp\htdocs\task06MVC\system\CodeIgniter.php(499): CodeIgniter\CodeIgniter->runController(Object(App\Controllers\GetImagesDB))
#10 C:\xampp\htdocs\task06MVC\system\CodeIgniter.php(368): CodeIgniter\CodeIgniter->handleRequest(NULL, Object(Config\Cache), false)
#11 C:\xampp\htdocs\task06MVC\public\index.php(67): CodeIgniter\CodeIgniter->run()
#12 {main}
CRITICAL - 2023-06-14 03:21:34 --> Column count doesn't match value count at row 1
in SYSTEMPATH\Database\MySQLi\Connection.php on line 295.
 1 SYSTEMPATH\Database\MySQLi\Connection.php(295): mysqli->query('INSERT INTO `urlimgsearch` ()
VALUES (\'https://images.unsplash.com/photo-1654157925394-4b7809721149?crop=entropy&cs=tinysrgb&fit=max&fm=jpg&ixid=M3w0NjA0Njh8MXwxfHNlYXJjaHwxfHxjYXJ8ZW58MHwwfHx8MTY4NjcxMDEyMXww&ixlib=rb-4.0.3&q=80&w=1080\'), ()', 0)
 2 SYSTEMPATH\Database\BaseConnection.php(692): CodeIgniter\Database\MySQLi\Connection->execute('INSERT INTO `urlimgsearch` ()
VALUES (\'https://images.unsplash.com/photo-1654157925394-4b7809721149?crop=entropy&cs=tinysrgb&fit=max&fm=jpg&ixid=M3w0NjA0Njh8MXwxfHNlYXJjaHwxfHxjYXJ8ZW58MHwwfHx8MTY4NjcxMDEyMXww&ixlib=rb-4.0.3&q=80&w=1080\'), ()')
 3 SYSTEMPATH\Database\BaseConnection.php(606): CodeIgniter\Database\BaseConnection->simpleQuery('INSERT INTO `urlimgsearch` ()
VALUES (\'https://images.unsplash.com/photo-1654157925394-4b7809721149?crop=entropy&cs=tinysrgb&fit=max&fm=jpg&ixid=M3w0NjA0Njh8MXwxfHNlYXJjaHwxfHxjYXJ8ZW58MHwwfHx8MTY4NjcxMDEyMXww&ixlib=rb-4.0.3&q=80&w=1080\'), ()')
 4 SYSTEMPATH\Database\BaseBuilder.php(1801): CodeIgniter\Database\BaseConnection->query('INSERT INTO `urlimgsearch` ()
VALUES (\'https://images.unsplash.com/photo-1654157925394-4b7809721149?crop=entropy&cs=tinysrgb&fit=max&fm=jpg&ixid=M3w0NjA0Njh8MXwxfHNlYXJjaHwxfHxjYXJ8ZW58MHwwfHx8MTY4NjcxMDEyMXww&ixlib=rb-4.0.3&q=80&w=1080\'), ()', null, false)
 5 SYSTEMPATH\Database\BaseBuilder.php(2192): CodeIgniter\Database\BaseBuilder->batchExecute('_insertBatch', 100)
 6 SYSTEMPATH\Model.php(364): CodeIgniter\Database\BaseBuilder->insertBatch([...], null, 100)
 7 SYSTEMPATH\BaseModel.php(874): CodeIgniter\Model->doInsertBatch([...], null, 100, false)
 8 APPPATH\Controllers\GetImagesDB.php(22): CodeIgniter\BaseModel->insertBatch([...])
 9 SYSTEMPATH\CodeIgniter.php(934): App\Controllers\GetImagesDB->getDataSearch()
10 SYSTEMPATH\CodeIgniter.php(499): CodeIgniter\CodeIgniter->runController(Object(App\Controllers\GetImagesDB))
11 SYSTEMPATH\CodeIgniter.php(368): CodeIgniter\CodeIgniter->handleRequest(null, Object(Config\Cache), false)
12 FCPATH\index.php(67): CodeIgniter\CodeIgniter->run()
ERROR - 2023-06-14 03:24:07 --> mysqli_sql_exception: Column count doesn't match value count at row 1 in C:\xampp\htdocs\task06MVC\system\Database\MySQLi\Connection.php:295
Stack trace:
#0 C:\xampp\htdocs\task06MVC\system\Database\MySQLi\Connection.php(295): mysqli->query('INSERT INTO `ur...', 0)
#1 C:\xampp\htdocs\task06MVC\system\Database\BaseConnection.php(692): CodeIgniter\Database\MySQLi\Connection->execute('INSERT INTO `ur...')
#2 C:\xampp\htdocs\task06MVC\system\Database\BaseConnection.php(606): CodeIgniter\Database\BaseConnection->simpleQuery('INSERT INTO `ur...')
#3 C:\xampp\htdocs\task06MVC\system\Database\BaseBuilder.php(1801): CodeIgniter\Database\BaseConnection->query('INSERT INTO `ur...', NULL, false)
#4 C:\xampp\htdocs\task06MVC\system\Database\BaseBuilder.php(2192): CodeIgniter\Database\BaseBuilder->batchExecute('_insertBatch', 100)
#5 C:\xampp\htdocs\task06MVC\system\Model.php(364): CodeIgniter\Database\BaseBuilder->insertBatch(Array, NULL, 100)
#6 C:\xampp\htdocs\task06MVC\system\BaseModel.php(874): CodeIgniter\Model->doInsertBatch(Array, NULL, 100, false)
#7 C:\xampp\htdocs\task06MVC\app\Controllers\GetImagesDB.php(22): CodeIgniter\BaseModel->insertBatch(Array)
#8 C:\xampp\htdocs\task06MVC\system\CodeIgniter.php(934): App\Controllers\GetImagesDB->getDataSearch()
#9 C:\xampp\htdocs\task06MVC\system\CodeIgniter.php(499): CodeIgniter\CodeIgniter->runController(Object(App\Controllers\GetImagesDB))
#10 C:\xampp\htdocs\task06MVC\system\CodeIgniter.php(368): CodeIgniter\CodeIgniter->handleRequest(NULL, Object(Config\Cache), false)
#11 C:\xampp\htdocs\task06MVC\public\index.php(67): CodeIgniter\CodeIgniter->run()
#12 {main}
CRITICAL - 2023-06-14 03:24:07 --> Column count doesn't match value count at row 1
in SYSTEMPATH\Database\MySQLi\Connection.php on line 295.
 1 SYSTEMPATH\Database\MySQLi\Connection.php(295): mysqli->query('INSERT INTO `urlimgsearch` ()
VALUES (\'https://images.unsplash.com/photo-1654157925394-4b7809721149?crop=entropy&cs=tinysrgb&fit=max&fm=jpg&ixid=M3w0NjA0Njh8MXwxfHNlYXJjaHwxfHxjYXJ8ZW58MHwwfHx8MTY4NjcxMDEyMXww&ixlib=rb-4.0.3&q=80&w=1080\'), ()', 0)
 2 SYSTEMPATH\Database\BaseConnection.php(692): CodeIgniter\Database\MySQLi\Connection->execute('INSERT INTO `urlimgsearch` ()
VALUES (\'https://images.unsplash.com/photo-1654157925394-4b7809721149?crop=entropy&cs=tinysrgb&fit=max&fm=jpg&ixid=M3w0NjA0Njh8MXwxfHNlYXJjaHwxfHxjYXJ8ZW58MHwwfHx8MTY4NjcxMDEyMXww&ixlib=rb-4.0.3&q=80&w=1080\'), ()')
 3 SYSTEMPATH\Database\BaseConnection.php(606): CodeIgniter\Database\BaseConnection->simpleQuery('INSERT INTO `urlimgsearch` ()
VALUES (\'https://images.unsplash.com/photo-1654157925394-4b7809721149?crop=entropy&cs=tinysrgb&fit=max&fm=jpg&ixid=M3w0NjA0Njh8MXwxfHNlYXJjaHwxfHxjYXJ8ZW58MHwwfHx8MTY4NjcxMDEyMXww&ixlib=rb-4.0.3&q=80&w=1080\'), ()')
 4 SYSTEMPATH\Database\BaseBuilder.php(1801): CodeIgniter\Database\BaseConnection->query('INSERT INTO `urlimgsearch` ()
VALUES (\'https://images.unsplash.com/photo-1654157925394-4b7809721149?crop=entropy&cs=tinysrgb&fit=max&fm=jpg&ixid=M3w0NjA0Njh8MXwxfHNlYXJjaHwxfHxjYXJ8ZW58MHwwfHx8MTY4NjcxMDEyMXww&ixlib=rb-4.0.3&q=80&w=1080\'), ()', null, false)
 5 SYSTEMPATH\Database\BaseBuilder.php(2192): CodeIgniter\Database\BaseBuilder->batchExecute('_insertBatch', 100)
 6 SYSTEMPATH\Model.php(364): CodeIgniter\Database\BaseBuilder->insertBatch([...], null, 100)
 7 SYSTEMPATH\BaseModel.php(874): CodeIgniter\Model->doInsertBatch([...], null, 100, false)
 8 APPPATH\Controllers\GetImagesDB.php(22): CodeIgniter\BaseModel->insertBatch([...])
 9 SYSTEMPATH\CodeIgniter.php(934): App\Controllers\GetImagesDB->getDataSearch()
10 SYSTEMPATH\CodeIgniter.php(499): CodeIgniter\CodeIgniter->runController(Object(App\Controllers\GetImagesDB))
11 SYSTEMPATH\CodeIgniter.php(368): CodeIgniter\CodeIgniter->handleRequest(null, Object(Config\Cache), false)
12 FCPATH\index.php(67): CodeIgniter\CodeIgniter->run()
ERROR - 2023-06-14 03:26:22 --> mysqli_sql_exception: Column count doesn't match value count at row 1 in C:\xampp\htdocs\task06MVC\system\Database\MySQLi\Connection.php:295
Stack trace:
#0 C:\xampp\htdocs\task06MVC\system\Database\MySQLi\Connection.php(295): mysqli->query('INSERT INTO `ur...', 0)
#1 C:\xampp\htdocs\task06MVC\system\Database\BaseConnection.php(692): CodeIgniter\Database\MySQLi\Connection->execute('INSERT INTO `ur...')
#2 C:\xampp\htdocs\task06MVC\system\Database\BaseConnection.php(606): CodeIgniter\Database\BaseConnection->simpleQuery('INSERT INTO `ur...')
#3 C:\xampp\htdocs\task06MVC\system\Database\BaseBuilder.php(1801): CodeIgniter\Database\BaseConnection->query('INSERT INTO `ur...', NULL, false)
#4 C:\xampp\htdocs\task06MVC\system\Database\BaseBuilder.php(2192): CodeIgniter\Database\BaseBuilder->batchExecute('_insertBatch', 100)
#5 C:\xampp\htdocs\task06MVC\system\Model.php(364): CodeIgniter\Database\BaseBuilder->insertBatch(Array, NULL, 100)
#6 C:\xampp\htdocs\task06MVC\system\BaseModel.php(874): CodeIgniter\Model->doInsertBatch(Array, NULL, 100, false)
#7 C:\xampp\htdocs\task06MVC\app\Controllers\GetImagesDB.php(22): CodeIgniter\BaseModel->insertBatch(Array)
#8 C:\xampp\htdocs\task06MVC\system\CodeIgniter.php(934): App\Controllers\GetImagesDB->getDataSearch()
#9 C:\xampp\htdocs\task06MVC\system\CodeIgniter.php(499): CodeIgniter\CodeIgniter->runController(Object(App\Controllers\GetImagesDB))
#10 C:\xampp\htdocs\task06MVC\system\CodeIgniter.php(368): CodeIgniter\CodeIgniter->handleRequest(NULL, Object(Config\Cache), false)
#11 C:\xampp\htdocs\task06MVC\public\index.php(67): CodeIgniter\CodeIgniter->run()
#12 {main}
CRITICAL - 2023-06-14 03:26:22 --> Column count doesn't match value count at row 1
in SYSTEMPATH\Database\MySQLi\Connection.php on line 295.
 1 SYSTEMPATH\Database\MySQLi\Connection.php(295): mysqli->query('INSERT INTO `urlimgsearch` ()
VALUES (\'https://images.unsplash.com/photo-1654157925394-4b7809721149?crop=entropy&cs=tinysrgb&fit=max&fm=jpg&ixid=M3w0NjA0Njh8MXwxfHNlYXJjaHwxfHxjYXJ8ZW58MHwwfHx8MTY4NjcxMDEyMXww&ixlib=rb-4.0.3&q=80&w=1080\'), ()', 0)
 2 SYSTEMPATH\Database\BaseConnection.php(692): CodeIgniter\Database\MySQLi\Connection->execute('INSERT INTO `urlimgsearch` ()
VALUES (\'https://images.unsplash.com/photo-1654157925394-4b7809721149?crop=entropy&cs=tinysrgb&fit=max&fm=jpg&ixid=M3w0NjA0Njh8MXwxfHNlYXJjaHwxfHxjYXJ8ZW58MHwwfHx8MTY4NjcxMDEyMXww&ixlib=rb-4.0.3&q=80&w=1080\'), ()')
 3 SYSTEMPATH\Database\BaseConnection.php(606): CodeIgniter\Database\BaseConnection->simpleQuery('INSERT INTO `urlimgsearch` ()
VALUES (\'https://images.unsplash.com/photo-1654157925394-4b7809721149?crop=entropy&cs=tinysrgb&fit=max&fm=jpg&ixid=M3w0NjA0Njh8MXwxfHNlYXJjaHwxfHxjYXJ8ZW58MHwwfHx8MTY4NjcxMDEyMXww&ixlib=rb-4.0.3&q=80&w=1080\'), ()')
 4 SYSTEMPATH\Database\BaseBuilder.php(1801): CodeIgniter\Database\BaseConnection->query('INSERT INTO `urlimgsearch` ()
VALUES (\'https://images.unsplash.com/photo-1654157925394-4b7809721149?crop=entropy&cs=tinysrgb&fit=max&fm=jpg&ixid=M3w0NjA0Njh8MXwxfHNlYXJjaHwxfHxjYXJ8ZW58MHwwfHx8MTY4NjcxMDEyMXww&ixlib=rb-4.0.3&q=80&w=1080\'), ()', null, false)
 5 SYSTEMPATH\Database\BaseBuilder.php(2192): CodeIgniter\Database\BaseBuilder->batchExecute('_insertBatch', 100)
 6 SYSTEMPATH\Model.php(364): CodeIgniter\Database\BaseBuilder->insertBatch([...], null, 100)
 7 SYSTEMPATH\BaseModel.php(874): CodeIgniter\Model->doInsertBatch([...], null, 100, false)
 8 APPPATH\Controllers\GetImagesDB.php(22): CodeIgniter\BaseModel->insertBatch([...])
 9 SYSTEMPATH\CodeIgniter.php(934): App\Controllers\GetImagesDB->getDataSearch()
10 SYSTEMPATH\CodeIgniter.php(499): CodeIgniter\CodeIgniter->runController(Object(App\Controllers\GetImagesDB))
11 SYSTEMPATH\CodeIgniter.php(368): CodeIgniter\CodeIgniter->handleRequest(null, Object(Config\Cache), false)
12 FCPATH\index.php(67): CodeIgniter\CodeIgniter->run()
ERROR - 2023-06-14 03:29:12 --> mysqli_sql_exception: Column count doesn't match value count at row 1 in C:\xampp\htdocs\task06MVC\system\Database\MySQLi\Connection.php:295
Stack trace:
#0 C:\xampp\htdocs\task06MVC\system\Database\MySQLi\Connection.php(295): mysqli->query('INSERT INTO `ur...', 0)
#1 C:\xampp\htdocs\task06MVC\system\Database\BaseConnection.php(692): CodeIgniter\Database\MySQLi\Connection->execute('INSERT INTO `ur...')
#2 C:\xampp\htdocs\task06MVC\system\Database\BaseConnection.php(606): CodeIgniter\Database\BaseConnection->simpleQuery('INSERT INTO `ur...')
#3 C:\xampp\htdocs\task06MVC\system\Database\BaseBuilder.php(1801): CodeIgniter\Database\BaseConnection->query('INSERT INTO `ur...', NULL, false)
#4 C:\xampp\htdocs\task06MVC\system\Database\BaseBuilder.php(2192): CodeIgniter\Database\BaseBuilder->batchExecute('_insertBatch', 100)
#5 C:\xampp\htdocs\task06MVC\system\Model.php(364): CodeIgniter\Database\BaseBuilder->insertBatch(Array, NULL, 100)
#6 C:\xampp\htdocs\task06MVC\system\BaseModel.php(874): CodeIgniter\Model->doInsertBatch(Array, NULL, 100, false)
#7 C:\xampp\htdocs\task06MVC\app\Controllers\GetImagesDB.php(23): CodeIgniter\BaseModel->insertBatch(Array)
#8 C:\xampp\htdocs\task06MVC\system\CodeIgniter.php(934): App\Controllers\GetImagesDB->getDataSearch()
#9 C:\xampp\htdocs\task06MVC\system\CodeIgniter.php(499): CodeIgniter\CodeIgniter->runController(Object(App\Controllers\GetImagesDB))
#10 C:\xampp\htdocs\task06MVC\system\CodeIgniter.php(368): CodeIgniter\CodeIgniter->handleRequest(NULL, Object(Config\Cache), false)
#11 C:\xampp\htdocs\task06MVC\public\index.php(67): CodeIgniter\CodeIgniter->run()
#12 {main}
CRITICAL - 2023-06-14 03:29:12 --> Column count doesn't match value count at row 1
in SYSTEMPATH\Database\MySQLi\Connection.php on line 295.
 1 SYSTEMPATH\Database\MySQLi\Connection.php(295): mysqli->query('INSERT INTO `urlimgsearch` ()
VALUES (\'https://images.unsplash.com/photo-1561037404-61cd46aa615b?crop=entropy&cs=tinysrgb&fit=max&fm=jpg&ixid=M3w0NjA0Njh8MHwxfHNlYXJjaHwxfHxEb2d8ZW58MHwwfHx8MTY4NjcwODc4OXww&ixlib=rb-4.0.3&q=80&w=1080\'), ()', 0)
 2 SYSTEMPATH\Database\BaseConnection.php(692): CodeIgniter\Database\MySQLi\Connection->execute('INSERT INTO `urlimgsearch` ()
VALUES (\'https://images.unsplash.com/photo-1561037404-61cd46aa615b?crop=entropy&cs=tinysrgb&fit=max&fm=jpg&ixid=M3w0NjA0Njh8MHwxfHNlYXJjaHwxfHxEb2d8ZW58MHwwfHx8MTY4NjcwODc4OXww&ixlib=rb-4.0.3&q=80&w=1080\'), ()')
 3 SYSTEMPATH\Database\BaseConnection.php(606): CodeIgniter\Database\BaseConnection->simpleQuery('INSERT INTO `urlimgsearch` ()
VALUES (\'https://images.unsplash.com/photo-1561037404-61cd46aa615b?crop=entropy&cs=tinysrgb&fit=max&fm=jpg&ixid=M3w0NjA0Njh8MHwxfHNlYXJjaHwxfHxEb2d8ZW58MHwwfHx8MTY4NjcwODc4OXww&ixlib=rb-4.0.3&q=80&w=1080\'), ()')
 4 SYSTEMPATH\Database\BaseBuilder.php(1801): CodeIgniter\Database\BaseConnection->query('INSERT INTO `urlimgsearch` ()
VALUES (\'https://images.unsplash.com/photo-1561037404-61cd46aa615b?crop=entropy&cs=tinysrgb&fit=max&fm=jpg&ixid=M3w0NjA0Njh8MHwxfHNlYXJjaHwxfHxEb2d8ZW58MHwwfHx8MTY4NjcwODc4OXww&ixlib=rb-4.0.3&q=80&w=1080\'), ()', null, false)
 5 SYSTEMPATH\Database\BaseBuilder.php(2192): CodeIgniter\Database\BaseBuilder->batchExecute('_insertBatch', 100)
 6 SYSTEMPATH\Model.php(364): CodeIgniter\Database\BaseBuilder->insertBatch([...], null, 100)
 7 SYSTEMPATH\BaseModel.php(874): CodeIgniter\Model->doInsertBatch([...], null, 100, false)
 8 APPPATH\Controllers\GetImagesDB.php(23): CodeIgniter\BaseModel->insertBatch([...])
 9 SYSTEMPATH\CodeIgniter.php(934): App\Controllers\GetImagesDB->getDataSearch()
10 SYSTEMPATH\CodeIgniter.php(499): CodeIgniter\CodeIgniter->runController(Object(App\Controllers\GetImagesDB))
11 SYSTEMPATH\CodeIgniter.php(368): CodeIgniter\CodeIgniter->handleRequest(null, Object(Config\Cache), false)
12 FCPATH\index.php(67): CodeIgniter\CodeIgniter->run()
ERROR - 2023-06-14 03:29:26 --> mysqli_sql_exception: Column count doesn't match value count at row 1 in C:\xampp\htdocs\task06MVC\system\Database\MySQLi\Connection.php:295
Stack trace:
#0 C:\xampp\htdocs\task06MVC\system\Database\MySQLi\Connection.php(295): mysqli->query('INSERT INTO `ur...', 0)
#1 C:\xampp\htdocs\task06MVC\system\Database\BaseConnection.php(692): CodeIgniter\Database\MySQLi\Connection->execute('INSERT INTO `ur...')
#2 C:\xampp\htdocs\task06MVC\system\Database\BaseConnection.php(606): CodeIgniter\Database\BaseConnection->simpleQuery('INSERT INTO `ur...')
#3 C:\xampp\htdocs\task06MVC\system\Database\BaseBuilder.php(1801): CodeIgniter\Database\BaseConnection->query('INSERT INTO `ur...', NULL, false)
#4 C:\xampp\htdocs\task06MVC\system\Database\BaseBuilder.php(2192): CodeIgniter\Database\BaseBuilder->batchExecute('_insertBatch', 100)
#5 C:\xampp\htdocs\task06MVC\system\Model.php(364): CodeIgniter\Database\BaseBuilder->insertBatch(Array, NULL, 100)
#6 C:\xampp\htdocs\task06MVC\system\BaseModel.php(874): CodeIgniter\Model->doInsertBatch(Array, NULL, 100, false)
#7 C:\xampp\htdocs\task06MVC\app\Controllers\GetImagesDB.php(23): CodeIgniter\BaseModel->insertBatch(Array)
#8 C:\xampp\htdocs\task06MVC\system\CodeIgniter.php(934): App\Controllers\GetImagesDB->getDataSearch()
#9 C:\xampp\htdocs\task06MVC\system\CodeIgniter.php(499): CodeIgniter\CodeIgniter->runController(Object(App\Controllers\GetImagesDB))
#10 C:\xampp\htdocs\task06MVC\system\CodeIgniter.php(368): CodeIgniter\CodeIgniter->handleRequest(NULL, Object(Config\Cache), false)
#11 C:\xampp\htdocs\task06MVC\public\index.php(67): CodeIgniter\CodeIgniter->run()
#12 {main}
CRITICAL - 2023-06-14 03:29:26 --> Column count doesn't match value count at row 1
in SYSTEMPATH\Database\MySQLi\Connection.php on line 295.
 1 SYSTEMPATH\Database\MySQLi\Connection.php(295): mysqli->query('INSERT INTO `urlimgsearch` ()
VALUES (\'https://images.unsplash.com/photo-1514888286974-6c03e2ca1dba?crop=entropy&cs=tinysrgb&fit=max&fm=jpg&ixid=M3w0NjA0Njh8MHwxfHNlYXJjaHwxfHxjYXR8ZW58MHwwfHx8MTY4NjcxMDMwNHww&ixlib=rb-4.0.3&q=80&w=1080\'), ()', 0)
 2 SYSTEMPATH\Database\BaseConnection.php(692): CodeIgniter\Database\MySQLi\Connection->execute('INSERT INTO `urlimgsearch` ()
VALUES (\'https://images.unsplash.com/photo-1514888286974-6c03e2ca1dba?crop=entropy&cs=tinysrgb&fit=max&fm=jpg&ixid=M3w0NjA0Njh8MHwxfHNlYXJjaHwxfHxjYXR8ZW58MHwwfHx8MTY4NjcxMDMwNHww&ixlib=rb-4.0.3&q=80&w=1080\'), ()')
 3 SYSTEMPATH\Database\BaseConnection.php(606): CodeIgniter\Database\BaseConnection->simpleQuery('INSERT INTO `urlimgsearch` ()
VALUES (\'https://images.unsplash.com/photo-1514888286974-6c03e2ca1dba?crop=entropy&cs=tinysrgb&fit=max&fm=jpg&ixid=M3w0NjA0Njh8MHwxfHNlYXJjaHwxfHxjYXR8ZW58MHwwfHx8MTY4NjcxMDMwNHww&ixlib=rb-4.0.3&q=80&w=1080\'), ()')
 4 SYSTEMPATH\Database\BaseBuilder.php(1801): CodeIgniter\Database\BaseConnection->query('INSERT INTO `urlimgsearch` ()
VALUES (\'https://images.unsplash.com/photo-1514888286974-6c03e2ca1dba?crop=entropy&cs=tinysrgb&fit=max&fm=jpg&ixid=M3w0NjA0Njh8MHwxfHNlYXJjaHwxfHxjYXR8ZW58MHwwfHx8MTY4NjcxMDMwNHww&ixlib=rb-4.0.3&q=80&w=1080\'), ()', null, false)
 5 SYSTEMPATH\Database\BaseBuilder.php(2192): CodeIgniter\Database\BaseBuilder->batchExecute('_insertBatch', 100)
 6 SYSTEMPATH\Model.php(364): CodeIgniter\Database\BaseBuilder->insertBatch([...], null, 100)
 7 SYSTEMPATH\BaseModel.php(874): CodeIgniter\Model->doInsertBatch([...], null, 100, false)
 8 APPPATH\Controllers\GetImagesDB.php(23): CodeIgniter\BaseModel->insertBatch([...])
 9 SYSTEMPATH\CodeIgniter.php(934): App\Controllers\GetImagesDB->getDataSearch()
10 SYSTEMPATH\CodeIgniter.php(499): CodeIgniter\CodeIgniter->runController(Object(App\Controllers\GetImagesDB))
11 SYSTEMPATH\CodeIgniter.php(368): CodeIgniter\CodeIgniter->handleRequest(null, Object(Config\Cache), false)
12 FCPATH\index.php(67): CodeIgniter\CodeIgniter->run()
CRITICAL - 2023-06-14 03:49:40 --> Call to undefined method App\Models\DataImgAjaxSearch::finAll
in SYSTEMPATH\Model.php on line 842.
 1 APPPATH\Controllers\GetImagesDB.php(14): CodeIgniter\Model->__call('finAll', [])
 2 SYSTEMPATH\CodeIgniter.php(934): App\Controllers\GetImagesDB->indexImg()
 3 SYSTEMPATH\CodeIgniter.php(499): CodeIgniter\CodeIgniter->runController(Object(App\Controllers\GetImagesDB))
 4 SYSTEMPATH\CodeIgniter.php(368): CodeIgniter\CodeIgniter->handleRequest(null, Object(Config\Cache), false)
 5 FCPATH\index.php(67): CodeIgniter\CodeIgniter->run()
CRITICAL - 2023-06-14 03:49:50 --> Call to undefined method App\Models\DataImgAjaxSearch::finAll
in SYSTEMPATH\Model.php on line 842.
 1 APPPATH\Controllers\GetImagesDB.php(14): CodeIgniter\Model->__call('finAll', [])
 2 SYSTEMPATH\CodeIgniter.php(934): App\Controllers\GetImagesDB->indexImg()
 3 SYSTEMPATH\CodeIgniter.php(499): CodeIgniter\CodeIgniter->runController(Object(App\Controllers\GetImagesDB))
 4 SYSTEMPATH\CodeIgniter.php(368): CodeIgniter\CodeIgniter->handleRequest(null, Object(Config\Cache), false)
 5 FCPATH\index.php(67): CodeIgniter\CodeIgniter->run()
CRITICAL - 2023-06-14 03:50:37 --> Invalid file: "pageajax.php"
in SYSTEMPATH\Exceptions\FrameworkException.php on line 33.
 1 SYSTEMPATH\View\View.php(201): CodeIgniter\Exceptions\FrameworkException::forInvalidFile('pageajax.php')
 2 SYSTEMPATH\Common.php(1184): CodeIgniter\View\View->render('pageajax', [], true)
 3 APPPATH\Controllers\GetImagesDB.php(18): view('pageajax', [...])
 4 SYSTEMPATH\CodeIgniter.php(934): App\Controllers\GetImagesDB->indexImg()
 5 SYSTEMPATH\CodeIgniter.php(499): CodeIgniter\CodeIgniter->runController(Object(App\Controllers\GetImagesDB))
 6 SYSTEMPATH\CodeIgniter.php(368): CodeIgniter\CodeIgniter->handleRequest(null, Object(Config\Cache), false)
 7 FCPATH\index.php(67): CodeIgniter\CodeIgniter->run()
CRITICAL - 2023-06-14 07:34:54 --> Undefined array key "urlImg"
in APPPATH\Controllers\GetImagesDB.php on line 26.
 1 APPPATH\Controllers\GetImagesDB.php(26): CodeIgniter\Debug\Exceptions->errorHandler(2, 'Undefined array key "urlImg"', 'C:\\xampp\\htdocs\\task06MVC\\app\\Controllers\\GetImagesDB.php', 26)
 2 SYSTEMPATH\CodeIgniter.php(934): App\Controllers\GetImagesDB->getDataSearch()
 3 SYSTEMPATH\CodeIgniter.php(499): CodeIgniter\CodeIgniter->runController(Object(App\Controllers\GetImagesDB))
 4 SYSTEMPATH\CodeIgniter.php(368): CodeIgniter\CodeIgniter->handleRequest(null, Object(Config\Cache), false)
 5 FCPATH\index.php(67): CodeIgniter\CodeIgniter->run()
CRITICAL - 2023-06-14 07:35:58 --> Undefined array key "urlImg"
in APPPATH\Controllers\GetImagesDB.php on line 26.
 1 APPPATH\Controllers\GetImagesDB.php(26): CodeIgniter\Debug\Exceptions->errorHandler(2, 'Undefined array key "urlImg"', 'C:\\xampp\\htdocs\\task06MVC\\app\\Controllers\\GetImagesDB.php', 26)
 2 SYSTEMPATH\CodeIgniter.php(934): App\Controllers\GetImagesDB->getDataSearch()
 3 SYSTEMPATH\CodeIgniter.php(499): CodeIgniter\CodeIgniter->runController(Object(App\Controllers\GetImagesDB))
 4 SYSTEMPATH\CodeIgniter.php(368): CodeIgniter\CodeIgniter->handleRequest(null, Object(Config\Cache), false)
 5 FCPATH\index.php(67): CodeIgniter\CodeIgniter->run()
CRITICAL - 2023-06-14 07:36:32 --> Undefined array key "urlImg"
in APPPATH\Controllers\GetImagesDB.php on line 26.
 1 APPPATH\Controllers\GetImagesDB.php(26): CodeIgniter\Debug\Exceptions->errorHandler(2, 'Undefined array key "urlImg"', 'C:\\xampp\\htdocs\\task06MVC\\app\\Controllers\\GetImagesDB.php', 26)
 2 SYSTEMPATH\CodeIgniter.php(934): App\Controllers\GetImagesDB->getDataSearch()
 3 SYSTEMPATH\CodeIgniter.php(499): CodeIgniter\CodeIgniter->runController(Object(App\Controllers\GetImagesDB))
 4 SYSTEMPATH\CodeIgniter.php(368): CodeIgniter\CodeIgniter->handleRequest(null, Object(Config\Cache), false)
 5 FCPATH\index.php(67): CodeIgniter\CodeIgniter->run()
CRITICAL - 2023-06-14 07:37:31 --> Undefined array key "urlImg"
in APPPATH\Controllers\GetImagesDB.php on line 26.
 1 APPPATH\Controllers\GetImagesDB.php(26): CodeIgniter\Debug\Exceptions->errorHandler(2, 'Undefined array key "urlImg"', 'C:\\xampp\\htdocs\\task06MVC\\app\\Controllers\\GetImagesDB.php', 26)
 2 SYSTEMPATH\CodeIgniter.php(934): App\Controllers\GetImagesDB->getDataSearch()
 3 SYSTEMPATH\CodeIgniter.php(499): CodeIgniter\CodeIgniter->runController(Object(App\Controllers\GetImagesDB))
 4 SYSTEMPATH\CodeIgniter.php(368): CodeIgniter\CodeIgniter->handleRequest(null, Object(Config\Cache), false)
 5 FCPATH\index.php(67): CodeIgniter\CodeIgniter->run()
CRITICAL - 2023-06-14 07:38:26 --> Undefined array key "urlImg"
in APPPATH\Controllers\GetImagesDB.php on line 26.
 1 APPPATH\Controllers\GetImagesDB.php(26): CodeIgniter\Debug\Exceptions->errorHandler(2, 'Undefined array key "urlImg"', 'C:\\xampp\\htdocs\\task06MVC\\app\\Controllers\\GetImagesDB.php', 26)
 2 SYSTEMPATH\CodeIgniter.php(934): App\Controllers\GetImagesDB->getDataSearch()
 3 SYSTEMPATH\CodeIgniter.php(499): CodeIgniter\CodeIgniter->runController(Object(App\Controllers\GetImagesDB))
 4 SYSTEMPATH\CodeIgniter.php(368): CodeIgniter\CodeIgniter->handleRequest(null, Object(Config\Cache), false)
 5 FCPATH\index.php(67): CodeIgniter\CodeIgniter->run()
CRITICAL - 2023-06-14 07:39:52 --> Undefined array key "urlImg"
in APPPATH\Controllers\GetImagesDB.php on line 26.
 1 APPPATH\Controllers\GetImagesDB.php(26): CodeIgniter\Debug\Exceptions->errorHandler(2, 'Undefined array key "urlImg"', 'C:\\xampp\\htdocs\\task06MVC\\app\\Controllers\\GetImagesDB.php', 26)
 2 SYSTEMPATH\CodeIgniter.php(934): App\Controllers\GetImagesDB->getDataSearch()
 3 SYSTEMPATH\CodeIgniter.php(499): CodeIgniter\CodeIgniter->runController(Object(App\Controllers\GetImagesDB))
 4 SYSTEMPATH\CodeIgniter.php(368): CodeIgniter\CodeIgniter->handleRequest(null, Object(Config\Cache), false)
 5 FCPATH\index.php(67): CodeIgniter\CodeIgniter->run()
CRITICAL - 2023-06-14 07:40:02 --> Undefined array key "urlImg"
in APPPATH\Controllers\GetImagesDB.php on line 26.
 1 APPPATH\Controllers\GetImagesDB.php(26): CodeIgniter\Debug\Exceptions->errorHandler(2, 'Undefined array key "urlImg"', 'C:\\xampp\\htdocs\\task06MVC\\app\\Controllers\\GetImagesDB.php', 26)
 2 SYSTEMPATH\CodeIgniter.php(934): App\Controllers\GetImagesDB->getDataSearch()
 3 SYSTEMPATH\CodeIgniter.php(499): CodeIgniter\CodeIgniter->runController(Object(App\Controllers\GetImagesDB))
 4 SYSTEMPATH\CodeIgniter.php(368): CodeIgniter\CodeIgniter->handleRequest(null, Object(Config\Cache), false)
 5 FCPATH\index.php(67): CodeIgniter\CodeIgniter->run()
CRITICAL - 2023-06-14 08:07:40 --> Undefined array key "urlImg"
in APPPATH\Controllers\GetImagesDB.php on line 26.
 1 APPPATH\Controllers\GetImagesDB.php(26): CodeIgniter\Debug\Exceptions->errorHandler(2, 'Undefined array key "urlImg"', 'C:\\xampp\\htdocs\\task06MVC\\app\\Controllers\\GetImagesDB.php', 26)
 2 SYSTEMPATH\CodeIgniter.php(934): App\Controllers\GetImagesDB->getDataSearch()
 3 SYSTEMPATH\CodeIgniter.php(499): CodeIgniter\CodeIgniter->runController(Object(App\Controllers\GetImagesDB))
 4 SYSTEMPATH\CodeIgniter.php(368): CodeIgniter\CodeIgniter->handleRequest(null, Object(Config\Cache), false)
 5 FCPATH\index.php(67): CodeIgniter\CodeIgniter->run()
CRITICAL - 2023-06-14 08:09:21 --> Undefined array key "urlImg"
in APPPATH\Controllers\GetImagesDB.php on line 26.
 1 APPPATH\Controllers\GetImagesDB.php(26): CodeIgniter\Debug\Exceptions->errorHandler(2, 'Undefined array key "urlImg"', 'C:\\xampp\\htdocs\\task06MVC\\app\\Controllers\\GetImagesDB.php', 26)
 2 SYSTEMPATH\CodeIgniter.php(934): App\Controllers\GetImagesDB->getDataSearch()
 3 SYSTEMPATH\CodeIgniter.php(499): CodeIgniter\CodeIgniter->runController(Object(App\Controllers\GetImagesDB))
 4 SYSTEMPATH\CodeIgniter.php(368): CodeIgniter\CodeIgniter->handleRequest(null, Object(Config\Cache), false)
 5 FCPATH\index.php(67): CodeIgniter\CodeIgniter->run()
CRITICAL - 2023-06-14 08:15:58 --> Undefined array key "urlImg"
in APPPATH\Controllers\GetImagesDB.php on line 26.
 1 APPPATH\Controllers\GetImagesDB.php(26): CodeIgniter\Debug\Exceptions->errorHandler(2, 'Undefined array key "urlImg"', 'C:\\xampp\\htdocs\\task06MVC\\app\\Controllers\\GetImagesDB.php', 26)
 2 SYSTEMPATH\CodeIgniter.php(934): App\Controllers\GetImagesDB->getDataSearch()
 3 SYSTEMPATH\CodeIgniter.php(499): CodeIgniter\CodeIgniter->runController(Object(App\Controllers\GetImagesDB))
 4 SYSTEMPATH\CodeIgniter.php(368): CodeIgniter\CodeIgniter->handleRequest(null, Object(Config\Cache), false)
 5 FCPATH\index.php(67): CodeIgniter\CodeIgniter->run()
CRITICAL - 2023-06-14 08:16:02 --> Undefined array key "urlImg"
in APPPATH\Controllers\GetImagesDB.php on line 26.
 1 APPPATH\Controllers\GetImagesDB.php(26): CodeIgniter\Debug\Exceptions->errorHandler(2, 'Undefined array key "urlImg"', 'C:\\xampp\\htdocs\\task06MVC\\app\\Controllers\\GetImagesDB.php', 26)
 2 SYSTEMPATH\CodeIgniter.php(934): App\Controllers\GetImagesDB->getDataSearch()
 3 SYSTEMPATH\CodeIgniter.php(499): CodeIgniter\CodeIgniter->runController(Object(App\Controllers\GetImagesDB))
 4 SYSTEMPATH\CodeIgniter.php(368): CodeIgniter\CodeIgniter->handleRequest(null, Object(Config\Cache), false)
 5 FCPATH\index.php(67): CodeIgniter\CodeIgniter->run()
CRITICAL - 2023-06-14 08:16:50 --> Undefined array key "urlImg"
in APPPATH\Controllers\GetImagesDB.php on line 26.
 1 APPPATH\Controllers\GetImagesDB.php(26): CodeIgniter\Debug\Exceptions->errorHandler(2, 'Undefined array key "urlImg"', 'C:\\xampp\\htdocs\\task06MVC\\app\\Controllers\\GetImagesDB.php', 26)
 2 SYSTEMPATH\CodeIgniter.php(934): App\Controllers\GetImagesDB->getDataSearch()
 3 SYSTEMPATH\CodeIgniter.php(499): CodeIgniter\CodeIgniter->runController(Object(App\Controllers\GetImagesDB))
 4 SYSTEMPATH\CodeIgniter.php(368): CodeIgniter\CodeIgniter->handleRequest(null, Object(Config\Cache), false)
 5 FCPATH\index.php(67): CodeIgniter\CodeIgniter->run()
CRITICAL - 2023-06-14 08:16:51 --> Undefined array key "urlImg"
in APPPATH\Controllers\GetImagesDB.php on line 26.
 1 APPPATH\Controllers\GetImagesDB.php(26): CodeIgniter\Debug\Exceptions->errorHandler(2, 'Undefined array key "urlImg"', 'C:\\xampp\\htdocs\\task06MVC\\app\\Controllers\\GetImagesDB.php', 26)
 2 SYSTEMPATH\CodeIgniter.php(934): App\Controllers\GetImagesDB->getDataSearch()
 3 SYSTEMPATH\CodeIgniter.php(499): CodeIgniter\CodeIgniter->runController(Object(App\Controllers\GetImagesDB))
 4 SYSTEMPATH\CodeIgniter.php(368): CodeIgniter\CodeIgniter->handleRequest(null, Object(Config\Cache), false)
 5 FCPATH\index.php(67): CodeIgniter\CodeIgniter->run()
CRITICAL - 2023-06-14 08:16:55 --> Undefined array key "urlImg"
in APPPATH\Controllers\GetImagesDB.php on line 26.
 1 APPPATH\Controllers\GetImagesDB.php(26): CodeIgniter\Debug\Exceptions->errorHandler(2, 'Undefined array key "urlImg"', 'C:\\xampp\\htdocs\\task06MVC\\app\\Controllers\\GetImagesDB.php', 26)
 2 SYSTEMPATH\CodeIgniter.php(934): App\Controllers\GetImagesDB->getDataSearch()
 3 SYSTEMPATH\CodeIgniter.php(499): CodeIgniter\CodeIgniter->runController(Object(App\Controllers\GetImagesDB))
 4 SYSTEMPATH\CodeIgniter.php(368): CodeIgniter\CodeIgniter->handleRequest(null, Object(Config\Cache), false)
 5 FCPATH\index.php(67): CodeIgniter\CodeIgniter->run()
CRITICAL - 2023-06-14 08:19:12 --> Undefined array key "urlImg"
in APPPATH\Controllers\GetImagesDB.php on line 26.
 1 APPPATH\Controllers\GetImagesDB.php(26): CodeIgniter\Debug\Exceptions->errorHandler(2, 'Undefined array key "urlImg"', 'C:\\xampp\\htdocs\\task06MVC\\app\\Controllers\\GetImagesDB.php', 26)
 2 SYSTEMPATH\CodeIgniter.php(934): App\Controllers\GetImagesDB->getDataSearch()
 3 SYSTEMPATH\CodeIgniter.php(499): CodeIgniter\CodeIgniter->runController(Object(App\Controllers\GetImagesDB))
 4 SYSTEMPATH\CodeIgniter.php(368): CodeIgniter\CodeIgniter->handleRequest(null, Object(Config\Cache), false)
 5 FCPATH\index.php(67): CodeIgniter\CodeIgniter->run()
CRITICAL - 2023-06-14 09:04:16 --> Undefined array key "urlImg"
in APPPATH\Controllers\GetImagesDB.php on line 26.
 1 APPPATH\Controllers\GetImagesDB.php(26): CodeIgniter\Debug\Exceptions->errorHandler(2, 'Undefined array key "urlImg"', 'C:\\xampp\\htdocs\\task06MVC\\app\\Controllers\\GetImagesDB.php', 26)
 2 SYSTEMPATH\CodeIgniter.php(934): App\Controllers\GetImagesDB->getDataSearch()
 3 SYSTEMPATH\CodeIgniter.php(499): CodeIgniter\CodeIgniter->runController(Object(App\Controllers\GetImagesDB))
 4 SYSTEMPATH\CodeIgniter.php(368): CodeIgniter\CodeIgniter->handleRequest(null, Object(Config\Cache), false)
 5 FCPATH\index.php(67): CodeIgniter\CodeIgniter->run()
